<?xml version="1.0" encoding="UTF-8"?>
<coverage generated="1584718562472" clover="3.2.0">
  <project timestamp="1584718562472" name="All files">
    <metrics statements="158" coveredstatements="155" conditionals="37" coveredconditionals="29" methods="40" coveredmethods="37" elements="235" coveredelements="221" complexity="0" loc="158" ncloc="158" packages="6" files="22" classes="22"/>
    <package name="Server">
      <metrics statements="14" coveredstatements="14" conditionals="6" coveredconditionals="4" methods="0" coveredmethods="0"/>
      <file name="app.js" path="/home/dk/hacktiv8/FINAL-PROJECT-JS-PRO/Server/app.js">
        <metrics statements="14" coveredstatements="14" conditionals="6" coveredconditionals="4" methods="0" coveredmethods="0"/>
        <line num="1" count="3" type="cond" truecount="3" falsecount="1"/>
        <line num="2" count="3" type="stmt"/>
        <line num="5" count="3" type="stmt"/>
        <line num="6" count="3" type="stmt"/>
        <line num="7" count="3" type="cond" truecount="1" falsecount="1"/>
        <line num="8" count="3" type="stmt"/>
        <line num="9" count="3" type="stmt"/>
        <line num="10" count="3" type="stmt"/>
        <line num="12" count="3" type="stmt"/>
        <line num="13" count="3" type="stmt"/>
        <line num="14" count="3" type="stmt"/>
        <line num="15" count="3" type="stmt"/>
        <line num="16" count="3" type="stmt"/>
        <line num="20" count="3" type="stmt"/>
      </file>
    </package>
    <package name="Server.controllers">
      <metrics statements="41" coveredstatements="40" conditionals="12" coveredconditionals="11" methods="11" coveredmethods="10"/>
      <file name="examController.js" path="/home/dk/hacktiv8/FINAL-PROJECT-JS-PRO/Server/controllers/examController.js">
        <metrics statements="0" coveredstatements="0" conditionals="0" coveredconditionals="0" methods="0" coveredmethods="0"/>
      </file>
      <file name="index.js" path="/home/dk/hacktiv8/FINAL-PROJECT-JS-PRO/Server/controllers/index.js">
        <metrics statements="5" coveredstatements="5" conditionals="0" coveredconditionals="0" methods="0" coveredmethods="0"/>
        <line num="1" count="3" type="stmt"/>
        <line num="2" count="3" type="stmt"/>
        <line num="3" count="3" type="stmt"/>
        <line num="4" count="3" type="stmt"/>
        <line num="6" count="3" type="stmt"/>
      </file>
      <file name="levelController.js" path="/home/dk/hacktiv8/FINAL-PROJECT-JS-PRO/Server/controllers/levelController.js">
        <metrics statements="5" coveredstatements="4" conditionals="0" coveredconditionals="0" methods="3" coveredmethods="2"/>
        <line num="1" count="3" type="stmt"/>
        <line num="3" count="3" type="stmt"/>
        <line num="5" count="1" type="stmt"/>
        <line num="7" count="1" type="stmt"/>
        <line num="9" count="0" type="stmt"/>
      </file>
      <file name="subjectController.js" path="/home/dk/hacktiv8/FINAL-PROJECT-JS-PRO/Server/controllers/subjectController.js">
        <metrics statements="7" coveredstatements="7" conditionals="0" coveredconditionals="0" methods="4" coveredmethods="4"/>
        <line num="1" count="3" type="stmt"/>
        <line num="3" count="3" type="stmt"/>
        <line num="5" count="1" type="stmt"/>
        <line num="7" count="1" type="stmt"/>
        <line num="15" count="1" type="stmt"/>
        <line num="16" count="1" type="stmt"/>
        <line num="18" count="1" type="stmt"/>
      </file>
      <file name="userController.js" path="/home/dk/hacktiv8/FINAL-PROJECT-JS-PRO/Server/controllers/userController.js">
        <metrics statements="24" coveredstatements="24" conditionals="12" coveredconditionals="11" methods="4" coveredmethods="4"/>
        <line num="1" count="3" type="stmt"/>
        <line num="2" count="3" type="stmt"/>
        <line num="3" count="3" type="stmt"/>
        <line num="7" count="10" type="stmt"/>
        <line num="8" count="10" type="stmt"/>
        <line num="12" count="1" type="stmt"/>
        <line num="22" count="5" type="stmt"/>
        <line num="23" count="5" type="stmt"/>
        <line num="27" count="5" type="stmt"/>
        <line num="29" count="5" type="cond" truecount="4" falsecount="0"/>
        <line num="30" count="1" type="stmt"/>
        <line num="35" count="4" type="cond" truecount="2" falsecount="0"/>
        <line num="36" count="2" type="stmt"/>
        <line num="37" count="2" type="cond" truecount="2" falsecount="0"/>
        <line num="38" count="1" type="stmt"/>
        <line num="42" count="1" type="stmt"/>
        <line num="47" count="1" type="stmt"/>
        <line num="52" count="2" type="cond" truecount="1" falsecount="1"/>
        <line num="53" count="2" type="stmt"/>
        <line num="54" count="2" type="cond" truecount="2" falsecount="0"/>
        <line num="55" count="1" type="stmt"/>
        <line num="59" count="1" type="stmt"/>
        <line num="64" count="1" type="stmt"/>
        <line num="75" count="3" type="stmt"/>
      </file>
    </package>
    <package name="Server.helpers">
      <metrics statements="9" coveredstatements="8" conditionals="0" coveredconditionals="0" methods="4" coveredmethods="3"/>
      <file name="hash.js" path="/home/dk/hacktiv8/FINAL-PROJECT-JS-PRO/Server/helpers/hash.js">
        <metrics statements="5" coveredstatements="5" conditionals="0" coveredconditionals="0" methods="2" coveredmethods="2"/>
        <line num="1" count="3" type="stmt"/>
        <line num="3" count="3" type="stmt"/>
        <line num="5" count="16" type="stmt"/>
        <line num="6" count="16" type="stmt"/>
        <line num="10" count="4" type="stmt"/>
      </file>
      <file name="jwt.js" path="/home/dk/hacktiv8/FINAL-PROJECT-JS-PRO/Server/helpers/jwt.js">
        <metrics statements="4" coveredstatements="3" conditionals="0" coveredconditionals="0" methods="2" coveredmethods="1"/>
        <line num="1" count="3" type="stmt"/>
        <line num="3" count="3" type="stmt"/>
        <line num="5" count="2" type="stmt"/>
        <line num="9" count="0" type="stmt"/>
      </file>
    </package>
    <package name="Server.middlewares">
      <metrics statements="7" coveredstatements="7" conditionals="6" coveredconditionals="4" methods="2" coveredmethods="2"/>
      <file name="errorHandler.js" path="/home/dk/hacktiv8/FINAL-PROJECT-JS-PRO/Server/middlewares/errorHandler.js">
        <metrics statements="7" coveredstatements="7" conditionals="6" coveredconditionals="4" methods="2" coveredmethods="2"/>
        <line num="1" count="3" type="stmt"/>
        <line num="2" count="12" type="cond" truecount="2" falsecount="0"/>
        <line num="3" count="9" type="stmt"/>
        <line num="6" count="9" type="stmt"/>
        <line num="7" count="15" type="stmt"/>
        <line num="9" count="9" type="stmt"/>
        <line num="13" count="3" type="cond" truecount="1" falsecount="1"/>
      </file>
    </package>
    <package name="Server.models">
      <metrics statements="60" coveredstatements="59" conditionals="13" coveredconditionals="10" methods="22" coveredmethods="22"/>
      <file name="chapter.js" path="/home/dk/hacktiv8/FINAL-PROJECT-JS-PRO/Server/models/chapter.js">
        <metrics statements="5" coveredstatements="5" conditionals="0" coveredconditionals="0" methods="2" coveredmethods="2"/>
        <line num="2" count="3" type="stmt"/>
        <line num="6" count="3" type="stmt"/>
        <line num="7" count="3" type="stmt"/>
        <line num="11" count="3" type="stmt"/>
        <line num="16" count="3" type="stmt"/>
      </file>
      <file name="exam.js" path="/home/dk/hacktiv8/FINAL-PROJECT-JS-PRO/Server/models/exam.js">
        <metrics statements="4" coveredstatements="4" conditionals="0" coveredconditionals="0" methods="2" coveredmethods="2"/>
        <line num="2" count="3" type="stmt"/>
        <line num="6" count="3" type="stmt"/>
        <line num="10" count="3" type="stmt"/>
        <line num="15" count="3" type="stmt"/>
      </file>
      <file name="history.js" path="/home/dk/hacktiv8/FINAL-PROJECT-JS-PRO/Server/models/history.js">
        <metrics statements="5" coveredstatements="5" conditionals="0" coveredconditionals="0" methods="2" coveredmethods="2"/>
        <line num="2" count="3" type="stmt"/>
        <line num="6" count="3" type="stmt"/>
        <line num="7" count="3" type="stmt"/>
        <line num="11" count="3" type="stmt"/>
        <line num="16" count="3" type="stmt"/>
      </file>
      <file name="index.js" path="/home/dk/hacktiv8/FINAL-PROJECT-JS-PRO/Server/models/index.js">
        <metrics statements="20" coveredstatements="19" conditionals="9" coveredconditionals="6" methods="3" coveredmethods="3"/>
        <line num="3" count="3" type="stmt"/>
        <line num="4" count="3" type="stmt"/>
        <line num="5" count="3" type="stmt"/>
        <line num="6" count="3" type="stmt"/>
        <line num="7" count="3" type="cond" truecount="1" falsecount="1"/>
        <line num="8" count="3" type="stmt"/>
        <line num="9" count="3" type="stmt"/>
        <line num="12" count="3" type="cond" truecount="1" falsecount="1"/>
        <line num="13" count="0" type="stmt"/>
        <line num="15" count="3" type="stmt"/>
        <line num="18" count="3" type="stmt"/>
        <line num="21" count="24" type="cond" truecount="3" falsecount="0"/>
        <line num="24" count="21" type="stmt"/>
        <line num="25" count="21" type="stmt"/>
        <line num="28" count="3" type="stmt"/>
        <line num="29" count="21" type="cond" truecount="1" falsecount="1"/>
        <line num="30" count="21" type="stmt"/>
        <line num="34" count="3" type="stmt"/>
        <line num="35" count="3" type="stmt"/>
        <line num="37" count="3" type="stmt"/>
      </file>
      <file name="level.js" path="/home/dk/hacktiv8/FINAL-PROJECT-JS-PRO/Server/models/level.js">
        <metrics statements="4" coveredstatements="4" conditionals="0" coveredconditionals="0" methods="2" coveredmethods="2"/>
        <line num="2" count="3" type="stmt"/>
        <line num="6" count="3" type="stmt"/>
        <line num="10" count="3" type="stmt"/>
        <line num="13" count="3" type="stmt"/>
      </file>
      <file name="subject.js" path="/home/dk/hacktiv8/FINAL-PROJECT-JS-PRO/Server/models/subject.js">
        <metrics statements="6" coveredstatements="6" conditionals="0" coveredconditionals="0" methods="2" coveredmethods="2"/>
        <line num="2" count="3" type="stmt"/>
        <line num="6" count="3" type="stmt"/>
        <line num="7" count="3" type="stmt"/>
        <line num="8" count="3" type="stmt"/>
        <line num="12" count="3" type="stmt"/>
        <line num="16" count="3" type="stmt"/>
      </file>
      <file name="user.js" path="/home/dk/hacktiv8/FINAL-PROJECT-JS-PRO/Server/models/user.js">
        <metrics statements="11" coveredstatements="11" conditionals="4" coveredconditionals="4" methods="7" coveredmethods="7"/>
        <line num="2" count="3" type="stmt"/>
        <line num="3" count="3" type="stmt"/>
        <line num="8" count="3" type="stmt"/>
        <line num="9" count="3" type="stmt"/>
        <line num="12" count="3" type="stmt"/>
        <line num="26" count="24" type="stmt"/>
        <line num="28" count="24" type="cond" truecount="2" falsecount="0"/>
        <line num="50" count="24" type="stmt"/>
        <line num="52" count="24" type="cond" truecount="2" falsecount="0"/>
        <line num="75" count="16" type="stmt"/>
        <line num="79" count="3" type="stmt"/>
      </file>
      <file name="useranswer.js" path="/home/dk/hacktiv8/FINAL-PROJECT-JS-PRO/Server/models/useranswer.js">
        <metrics statements="5" coveredstatements="5" conditionals="0" coveredconditionals="0" methods="2" coveredmethods="2"/>
        <line num="2" count="3" type="stmt"/>
        <line num="6" count="3" type="stmt"/>
        <line num="7" count="3" type="stmt"/>
        <line num="11" count="3" type="stmt"/>
        <line num="18" count="3" type="stmt"/>
      </file>
    </package>
    <package name="Server.routes">
      <metrics statements="27" coveredstatements="27" conditionals="0" coveredconditionals="0" methods="1" coveredmethods="0"/>
      <file name="examRouter.js" path="/home/dk/hacktiv8/FINAL-PROJECT-JS-PRO/Server/routes/examRouter.js">
        <metrics statements="3" coveredstatements="3" conditionals="0" coveredconditionals="0" methods="1" coveredmethods="0"/>
        <line num="1" count="3" type="stmt"/>
        <line num="3" count="3" type="stmt"/>
        <line num="5" count="3" type="stmt"/>
      </file>
      <file name="index.js" path="/home/dk/hacktiv8/FINAL-PROJECT-JS-PRO/Server/routes/index.js">
        <metrics statements="10" coveredstatements="10" conditionals="0" coveredconditionals="0" methods="0" coveredmethods="0"/>
        <line num="1" count="3" type="stmt"/>
        <line num="2" count="3" type="stmt"/>
        <line num="3" count="3" type="stmt"/>
        <line num="4" count="3" type="stmt"/>
        <line num="5" count="3" type="stmt"/>
        <line num="7" count="3" type="stmt"/>
        <line num="8" count="3" type="stmt"/>
        <line num="9" count="3" type="stmt"/>
        <line num="10" count="3" type="stmt"/>
        <line num="12" count="3" type="stmt"/>
      </file>
      <file name="levelRouter.js" path="/home/dk/hacktiv8/FINAL-PROJECT-JS-PRO/Server/routes/levelRouter.js">
        <metrics statements="4" coveredstatements="4" conditionals="0" coveredconditionals="0" methods="0" coveredmethods="0"/>
        <line num="1" count="3" type="stmt"/>
        <line num="2" count="3" type="stmt"/>
        <line num="4" count="3" type="stmt"/>
        <line num="5" count="3" type="stmt"/>
      </file>
      <file name="subjectRouter.js" path="/home/dk/hacktiv8/FINAL-PROJECT-JS-PRO/Server/routes/subjectRouter.js">
        <metrics statements="5" coveredstatements="5" conditionals="0" coveredconditionals="0" methods="0" coveredmethods="0"/>
        <line num="1" count="3" type="stmt"/>
        <line num="2" count="3" type="stmt"/>
        <line num="4" count="3" type="stmt"/>
        <line num="5" count="3" type="stmt"/>
        <line num="7" count="3" type="stmt"/>
      </file>
      <file name="userRouter.js" path="/home/dk/hacktiv8/FINAL-PROJECT-JS-PRO/Server/routes/userRouter.js">
        <metrics statements="5" coveredstatements="5" conditionals="0" coveredconditionals="0" methods="0" coveredmethods="0"/>
        <line num="1" count="3" type="stmt"/>
        <line num="2" count="3" type="stmt"/>
        <line num="4" count="3" type="stmt"/>
        <line num="5" count="3" type="stmt"/>
        <line num="7" count="3" type="stmt"/>
      </file>
    </package>
  </project>
</coverage>
