{"/home/dk/hacktiv8/FINAL-PROJECT-JS-PRO/Server/app.js": {"path":"/home/dk/hacktiv8/FINAL-PROJECT-JS-PRO/Server/app.js","statementMap":{"0":{"start":{"line":1,"column":0},"end":{"line":3,"column":1}},"1":{"start":{"line":2,"column":2},"end":{"line":2,"column":28}},"2":{"start":{"line":5,"column":16},"end":{"line":5,"column":34}},"3":{"start":{"line":6,"column":12},"end":{"line":6,"column":21}},"4":{"start":{"line":7,"column":13},"end":{"line":7,"column":37}},"5":{"start":{"line":8,"column":15},"end":{"line":8,"column":34}},"6":{"start":{"line":9,"column":21},"end":{"line":9,"column":58}},"7":{"start":{"line":10,"column":13},"end":{"line":10,"column":28}},"8":{"start":{"line":12,"column":0},"end":{"line":12,"column":15}},"9":{"start":{"line":13,"column":0},"end":{"line":13,"column":23}},"10":{"start":{"line":14,"column":0},"end":{"line":14,"column":48}},"11":{"start":{"line":15,"column":0},"end":{"line":15,"column":15}},"12":{"start":{"line":16,"column":0},"end":{"line":16,"column":21}},"13":{"start":{"line":20,"column":0},"end":{"line":20,"column":20}}},"fnMap":{},"branchMap":{"0":{"loc":{"start":{"line":1,"column":0},"end":{"line":3,"column":1}},"type":"if","locations":[{"start":{"line":1,"column":0},"end":{"line":3,"column":1}},{"start":{"line":1,"column":0},"end":{"line":3,"column":1}}],"line":1},"1":{"loc":{"start":{"line":1,"column":4},"end":{"line":1,"column":77}},"type":"binary-expr","locations":[{"start":{"line":1,"column":4},"end":{"line":1,"column":42}},{"start":{"line":1,"column":46},"end":{"line":1,"column":77}}],"line":1},"2":{"loc":{"start":{"line":7,"column":13},"end":{"line":7,"column":37}},"type":"binary-expr","locations":[{"start":{"line":7,"column":13},"end":{"line":7,"column":29}},{"start":{"line":7,"column":33},"end":{"line":7,"column":37}}],"line":7}},"s":{"0":7,"1":7,"2":7,"3":7,"4":7,"5":7,"6":7,"7":7,"8":7,"9":7,"10":7,"11":7,"12":7,"13":7},"f":{},"b":{"0":[7,0],"1":[7,7],"2":[7,0]},"_coverageSchema":"1a1c01bbd47fc00a2c39e90264f33305004495a9","hash":"2fdd0bd57ad053367471d64eb4078342ab85fd12"}
,"/home/dk/hacktiv8/FINAL-PROJECT-JS-PRO/Server/controllers/chapterController.js": {"path":"/home/dk/hacktiv8/FINAL-PROJECT-JS-PRO/Server/controllers/chapterController.js","statementMap":{"0":{"start":{"line":1,"column":20},"end":{"line":1,"column":40}},"1":{"start":{"line":3,"column":0},"end":{"line":24,"column":1}},"2":{"start":{"line":5,"column":4},"end":{"line":11,"column":18}},"3":{"start":{"line":7,"column":8},"end":{"line":9,"column":25}},"4":{"start":{"line":15,"column":19},"end":{"line":15,"column":29}},"5":{"start":{"line":16,"column":4},"end":{"line":22,"column":18}},"6":{"start":{"line":18,"column":8},"end":{"line":20,"column":24}}},"fnMap":{"0":{"name":"(anonymous_0)","decl":{"start":{"line":4,"column":2},"end":{"line":4,"column":3}},"loc":{"start":{"line":4,"column":32},"end":{"line":12,"column":3}},"line":4},"1":{"name":"(anonymous_1)","decl":{"start":{"line":6,"column":12},"end":{"line":6,"column":13}},"loc":{"start":{"line":6,"column":24},"end":{"line":10,"column":7}},"line":6},"2":{"name":"(anonymous_2)","decl":{"start":{"line":14,"column":2},"end":{"line":14,"column":3}},"loc":{"start":{"line":14,"column":32},"end":{"line":23,"column":3}},"line":14},"3":{"name":"(anonymous_3)","decl":{"start":{"line":17,"column":12},"end":{"line":17,"column":13}},"loc":{"start":{"line":17,"column":23},"end":{"line":21,"column":7}},"line":17}},"branchMap":{},"s":{"0":7,"1":7,"2":1,"3":1,"4":0,"5":0,"6":0},"f":{"0":1,"1":1,"2":0,"3":0},"b":{},"_coverageSchema":"1a1c01bbd47fc00a2c39e90264f33305004495a9","hash":"afb9f00dcede069ac678ae85884b2db69487e98f"}
,"/home/dk/hacktiv8/FINAL-PROJECT-JS-PRO/Server/controllers/codeController.js": {"path":"/home/dk/hacktiv8/FINAL-PROJECT-JS-PRO/Server/controllers/codeController.js","statementMap":{"0":{"start":{"line":1,"column":20},"end":{"line":1,"column":53}},"1":{"start":{"line":2,"column":17},"end":{"line":2,"column":37}},"2":{"start":{"line":4,"column":0},"end":{"line":38,"column":1}},"3":{"start":{"line":6,"column":21},"end":{"line":6,"column":29}},"4":{"start":{"line":7,"column":19},"end":{"line":7,"column":36}},"5":{"start":{"line":8,"column":4},"end":{"line":10,"column":19}},"6":{"start":{"line":14,"column":21},"end":{"line":14,"column":29}},"7":{"start":{"line":15,"column":19},"end":{"line":15,"column":29}},"8":{"start":{"line":16,"column":31},"end":{"line":16,"column":48}},"9":{"start":{"line":17,"column":4},"end":{"line":17,"column":33}},"10":{"start":{"line":18,"column":4},"end":{"line":36,"column":5}},"11":{"start":{"line":19,"column":6},"end":{"line":33,"column":20}},"12":{"start":{"line":21,"column":28},"end":{"line":21,"column":43}},"13":{"start":{"line":22,"column":10},"end":{"line":22,"column":58}},"14":{"start":{"line":23,"column":10},"end":{"line":23,"column":61}},"15":{"start":{"line":24,"column":10},"end":{"line":24,"column":48}},"16":{"start":{"line":25,"column":10},"end":{"line":31,"column":11}},"17":{"start":{"line":26,"column":12},"end":{"line":28,"column":52}},"18":{"start":{"line":30,"column":12},"end":{"line":30,"column":39}},"19":{"start":{"line":35,"column":6},"end":{"line":35,"column":38}}},"fnMap":{"0":{"name":"(anonymous_0)","decl":{"start":{"line":5,"column":2},"end":{"line":5,"column":3}},"loc":{"start":{"line":5,"column":35},"end":{"line":11,"column":3}},"line":5},"1":{"name":"(anonymous_1)","decl":{"start":{"line":13,"column":2},"end":{"line":13,"column":3}},"loc":{"start":{"line":13,"column":30},"end":{"line":37,"column":3}},"line":13},"2":{"name":"(anonymous_2)","decl":{"start":{"line":20,"column":14},"end":{"line":20,"column":15}},"loc":{"start":{"line":20,"column":22},"end":{"line":32,"column":9}},"line":20}},"branchMap":{"0":{"loc":{"start":{"line":18,"column":4},"end":{"line":36,"column":5}},"type":"if","locations":[{"start":{"line":18,"column":4},"end":{"line":36,"column":5}},{"start":{"line":18,"column":4},"end":{"line":36,"column":5}}],"line":18},"1":{"loc":{"start":{"line":25,"column":10},"end":{"line":31,"column":11}},"type":"if","locations":[{"start":{"line":25,"column":10},"end":{"line":31,"column":11}},{"start":{"line":25,"column":10},"end":{"line":31,"column":11}}],"line":25}},"s":{"0":7,"1":7,"2":7,"3":1,"4":1,"5":1,"6":3,"7":3,"8":3,"9":3,"10":3,"11":2,"12":2,"13":2,"14":2,"15":2,"16":2,"17":1,"18":1,"19":1},"f":{"0":1,"1":3,"2":2},"b":{"0":[2,1],"1":[1,1]},"_coverageSchema":"1a1c01bbd47fc00a2c39e90264f33305004495a9","hash":"95cdc44eeef3b22dfa33a003a14663bb6cba324a"}
,"/home/dk/hacktiv8/FINAL-PROJECT-JS-PRO/Server/controllers/examController.js": {"path":"/home/dk/hacktiv8/FINAL-PROJECT-JS-PRO/Server/controllers/examController.js","statementMap":{"0":{"start":{"line":1,"column":26},"end":{"line":1,"column":46}},"1":{"start":{"line":3,"column":0},"end":{"line":24,"column":1}},"2":{"start":{"line":5,"column":4},"end":{"line":11,"column":18}},"3":{"start":{"line":7,"column":8},"end":{"line":9,"column":22}},"4":{"start":{"line":15,"column":19},"end":{"line":15,"column":29}},"5":{"start":{"line":16,"column":4},"end":{"line":22,"column":18}},"6":{"start":{"line":18,"column":8},"end":{"line":20,"column":21}}},"fnMap":{"0":{"name":"(anonymous_0)","decl":{"start":{"line":4,"column":2},"end":{"line":4,"column":3}},"loc":{"start":{"line":4,"column":29},"end":{"line":12,"column":3}},"line":4},"1":{"name":"(anonymous_1)","decl":{"start":{"line":6,"column":12},"end":{"line":6,"column":13}},"loc":{"start":{"line":6,"column":21},"end":{"line":10,"column":7}},"line":6},"2":{"name":"(anonymous_2)","decl":{"start":{"line":14,"column":2},"end":{"line":14,"column":3}},"loc":{"start":{"line":14,"column":29},"end":{"line":23,"column":3}},"line":14},"3":{"name":"(anonymous_3)","decl":{"start":{"line":17,"column":12},"end":{"line":17,"column":13}},"loc":{"start":{"line":17,"column":20},"end":{"line":21,"column":7}},"line":17}},"branchMap":{},"s":{"0":7,"1":7,"2":1,"3":1,"4":1,"5":1,"6":1},"f":{"0":1,"1":1,"2":1,"3":1},"b":{},"_coverageSchema":"1a1c01bbd47fc00a2c39e90264f33305004495a9","hash":"e8196d0a5f9e27a1534800ea8ab40a9a6eee9b81"}
,"/home/dk/hacktiv8/FINAL-PROJECT-JS-PRO/Server/controllers/googleController.js": {"path":"/home/dk/hacktiv8/FINAL-PROJECT-JS-PRO/Server/controllers/googleController.js","statementMap":{"0":{"start":{"line":1,"column":17},"end":{"line":1,"column":37}},"1":{"start":{"line":2,"column":17},"end":{"line":2,"column":42}},"2":{"start":{"line":3,"column":25},"end":{"line":3,"column":55}},"3":{"start":{"line":4,"column":15},"end":{"line":4,"column":54}},"4":{"start":{"line":10,"column":4},"end":{"line":39,"column":18}},"5":{"start":{"line":15,"column":10},"end":{"line":15,"column":36}},"6":{"start":{"line":16,"column":10},"end":{"line":16,"column":38}},"7":{"start":{"line":17,"column":10},"end":{"line":21,"column":12}},"8":{"start":{"line":24,"column":10},"end":{"line":31,"column":11}},"9":{"start":{"line":25,"column":26},"end":{"line":27,"column":13}},"10":{"start":{"line":28,"column":16},"end":{"line":28,"column":43}},"11":{"start":{"line":30,"column":12},"end":{"line":30,"column":23}},"12":{"start":{"line":34,"column":22},"end":{"line":34,"column":55}},"13":{"start":{"line":35,"column":10},"end":{"line":37,"column":12}},"14":{"start":{"line":43,"column":0},"end":{"line":43,"column":33}}},"fnMap":{"0":{"name":"(anonymous_0)","decl":{"start":{"line":7,"column":2},"end":{"line":7,"column":3}},"loc":{"start":{"line":7,"column":39},"end":{"line":40,"column":3}},"line":7},"1":{"name":"(anonymous_1)","decl":{"start":{"line":14,"column":12},"end":{"line":14,"column":13}},"loc":{"start":{"line":14,"column":20},"end":{"line":22,"column":7}},"line":14},"2":{"name":"(anonymous_2)","decl":{"start":{"line":23,"column":12},"end":{"line":23,"column":13}},"loc":{"start":{"line":23,"column":20},"end":{"line":32,"column":7}},"line":23},"3":{"name":"(anonymous_3)","decl":{"start":{"line":33,"column":12},"end":{"line":33,"column":13}},"loc":{"start":{"line":33,"column":25},"end":{"line":38,"column":7}},"line":33}},"branchMap":{"0":{"loc":{"start":{"line":24,"column":10},"end":{"line":31,"column":11}},"type":"if","locations":[{"start":{"line":24,"column":10},"end":{"line":31,"column":11}},{"start":{"line":24,"column":10},"end":{"line":31,"column":11}}],"line":24}},"s":{"0":7,"1":7,"2":7,"3":7,"4":0,"5":0,"6":0,"7":0,"8":0,"9":0,"10":0,"11":0,"12":0,"13":0,"14":7},"f":{"0":0,"1":0,"2":0,"3":0},"b":{"0":[0,0]},"_coverageSchema":"1a1c01bbd47fc00a2c39e90264f33305004495a9","hash":"5585a377c5ba3bad2e153e0a8abfccde68d8eb09"}
,"/home/dk/hacktiv8/FINAL-PROJECT-JS-PRO/Server/controllers/historyController.js": {"path":"/home/dk/hacktiv8/FINAL-PROJECT-JS-PRO/Server/controllers/historyController.js","statementMap":{"0":{"start":{"line":1,"column":20},"end":{"line":1,"column":40}},"1":{"start":{"line":3,"column":0},"end":{"line":35,"column":1}},"2":{"start":{"line":5,"column":19},"end":{"line":5,"column":36}},"3":{"start":{"line":6,"column":34},"end":{"line":6,"column":42}},"4":{"start":{"line":7,"column":4},"end":{"line":15,"column":16}},"5":{"start":{"line":13,"column":6},"end":{"line":13,"column":39}},"6":{"start":{"line":19,"column":19},"end":{"line":19,"column":36}},"7":{"start":{"line":20,"column":34},"end":{"line":20,"column":42}},"8":{"start":{"line":21,"column":4},"end":{"line":33,"column":18}},"9":{"start":{"line":25,"column":8},"end":{"line":31,"column":9}},"10":{"start":{"line":26,"column":10},"end":{"line":28,"column":65}},"11":{"start":{"line":30,"column":10},"end":{"line":30,"column":43}}},"fnMap":{"0":{"name":"(anonymous_0)","decl":{"start":{"line":4,"column":2},"end":{"line":4,"column":3}},"loc":{"start":{"line":4,"column":29},"end":{"line":16,"column":3}},"line":4},"1":{"name":"(anonymous_1)","decl":{"start":{"line":12,"column":10},"end":{"line":12,"column":11}},"loc":{"start":{"line":12,"column":25},"end":{"line":14,"column":5}},"line":12},"2":{"name":"(anonymous_2)","decl":{"start":{"line":18,"column":2},"end":{"line":18,"column":3}},"loc":{"start":{"line":18,"column":32},"end":{"line":34,"column":3}},"line":18},"3":{"name":"(anonymous_3)","decl":{"start":{"line":24,"column":12},"end":{"line":24,"column":13}},"loc":{"start":{"line":24,"column":22},"end":{"line":32,"column":7}},"line":24}},"branchMap":{"0":{"loc":{"start":{"line":25,"column":8},"end":{"line":31,"column":9}},"type":"if","locations":[{"start":{"line":25,"column":8},"end":{"line":31,"column":9}},{"start":{"line":25,"column":8},"end":{"line":31,"column":9}}],"line":25}},"s":{"0":7,"1":7,"2":1,"3":1,"4":1,"5":1,"6":2,"7":2,"8":2,"9":2,"10":1,"11":1},"f":{"0":1,"1":1,"2":2,"3":2},"b":{"0":[1,1]},"_coverageSchema":"1a1c01bbd47fc00a2c39e90264f33305004495a9","hash":"1f99fa5696f35d4af0b9c965b8967b2649400f32"}
,"/home/dk/hacktiv8/FINAL-PROJECT-JS-PRO/Server/controllers/index.js": {"path":"/home/dk/hacktiv8/FINAL-PROJECT-JS-PRO/Server/controllers/index.js","statementMap":{"0":{"start":{"line":1,"column":23},"end":{"line":1,"column":50}},"1":{"start":{"line":2,"column":23},"end":{"line":2,"column":50}},"2":{"start":{"line":3,"column":26},"end":{"line":3,"column":56}},"3":{"start":{"line":4,"column":26},"end":{"line":4,"column":56}},"4":{"start":{"line":5,"column":24},"end":{"line":5,"column":52}},"5":{"start":{"line":6,"column":26},"end":{"line":6,"column":56}},"6":{"start":{"line":7,"column":23},"end":{"line":7,"column":50}},"7":{"start":{"line":8,"column":25},"end":{"line":8,"column":54}},"8":{"start":{"line":9,"column":30},"end":{"line":9,"column":64}},"9":{"start":{"line":11,"column":0},"end":{"line":21,"column":1}}},"fnMap":{},"branchMap":{},"s":{"0":7,"1":7,"2":7,"3":7,"4":7,"5":7,"6":7,"7":7,"8":7,"9":7},"f":{},"b":{},"_coverageSchema":"1a1c01bbd47fc00a2c39e90264f33305004495a9","hash":"bbf86db8f3a5a9d26697a701212ca2ef1d311527"}
,"/home/dk/hacktiv8/FINAL-PROJECT-JS-PRO/Server/controllers/levelController.js": {"path":"/home/dk/hacktiv8/FINAL-PROJECT-JS-PRO/Server/controllers/levelController.js","statementMap":{"0":{"start":{"line":1,"column":18},"end":{"line":1,"column":38}},"1":{"start":{"line":3,"column":0},"end":{"line":11,"column":1}},"2":{"start":{"line":5,"column":4},"end":{"line":9,"column":16}},"3":{"start":{"line":7,"column":6},"end":{"line":7,"column":34}}},"fnMap":{"0":{"name":"(anonymous_0)","decl":{"start":{"line":4,"column":2},"end":{"line":4,"column":3}},"loc":{"start":{"line":4,"column":30},"end":{"line":10,"column":3}},"line":4},"1":{"name":"(anonymous_1)","decl":{"start":{"line":6,"column":10},"end":{"line":6,"column":11}},"loc":{"start":{"line":6,"column":20},"end":{"line":8,"column":5}},"line":6}},"branchMap":{},"s":{"0":7,"1":7,"2":1,"3":1},"f":{"0":1,"1":1},"b":{},"_coverageSchema":"1a1c01bbd47fc00a2c39e90264f33305004495a9","hash":"70fbe8ee3d21b333c16760d42b311e4a6c28896b"}
,"/home/dk/hacktiv8/FINAL-PROJECT-JS-PRO/Server/controllers/subjectController.js": {"path":"/home/dk/hacktiv8/FINAL-PROJECT-JS-PRO/Server/controllers/subjectController.js","statementMap":{"0":{"start":{"line":1,"column":20},"end":{"line":1,"column":40}},"1":{"start":{"line":3,"column":0},"end":{"line":13,"column":1}},"2":{"start":{"line":5,"column":4},"end":{"line":11,"column":18}},"3":{"start":{"line":7,"column":8},"end":{"line":9,"column":25}}},"fnMap":{"0":{"name":"(anonymous_0)","decl":{"start":{"line":4,"column":2},"end":{"line":4,"column":3}},"loc":{"start":{"line":4,"column":32},"end":{"line":12,"column":3}},"line":4},"1":{"name":"(anonymous_1)","decl":{"start":{"line":6,"column":12},"end":{"line":6,"column":13}},"loc":{"start":{"line":6,"column":24},"end":{"line":10,"column":7}},"line":6}},"branchMap":{},"s":{"0":7,"1":7,"2":1,"3":1},"f":{"0":1,"1":1},"b":{},"_coverageSchema":"1a1c01bbd47fc00a2c39e90264f33305004495a9","hash":"491b1768f90f03ea6171f80ee5d44b6c3ffd603d"}
,"/home/dk/hacktiv8/FINAL-PROJECT-JS-PRO/Server/controllers/userController.js": {"path":"/home/dk/hacktiv8/FINAL-PROJECT-JS-PRO/Server/controllers/userController.js","statementMap":{"0":{"start":{"line":1,"column":26},"end":{"line":1,"column":46}},"1":{"start":{"line":2,"column":20},"end":{"line":2,"column":46}},"2":{"start":{"line":3,"column":17},"end":{"line":3,"column":42}},"3":{"start":{"line":7,"column":50},"end":{"line":7,"column":58}},"4":{"start":{"line":8,"column":8},"end":{"line":23,"column":24}},"5":{"start":{"line":12,"column":30},"end":{"line":15,"column":18}},"6":{"start":{"line":16,"column":16},"end":{"line":21,"column":22}},"7":{"start":{"line":28,"column":40},"end":{"line":28,"column":48}},"8":{"start":{"line":29,"column":25},"end":{"line":32,"column":9}},"9":{"start":{"line":33,"column":8},"end":{"line":78,"column":24}},"10":{"start":{"line":35,"column":16},"end":{"line":76,"column":17}},"11":{"start":{"line":36,"column":20},"end":{"line":39,"column":22}},"12":{"start":{"line":41,"column":20},"end":{"line":75,"column":21}},"13":{"start":{"line":42,"column":38},"end":{"line":42,"column":77}},"14":{"start":{"line":43,"column":24},"end":{"line":57,"column":25}},"15":{"start":{"line":44,"column":42},"end":{"line":47,"column":30}},"16":{"start":{"line":48,"column":28},"end":{"line":51,"column":30}},"17":{"start":{"line":53,"column":28},"end":{"line":56,"column":30}},"18":{"start":{"line":58,"column":27},"end":{"line":75,"column":21}},"19":{"start":{"line":59,"column":38},"end":{"line":59,"column":77}},"20":{"start":{"line":60,"column":24},"end":{"line":74,"column":25}},"21":{"start":{"line":61,"column":42},"end":{"line":64,"column":30}},"22":{"start":{"line":65,"column":28},"end":{"line":68,"column":30}},"23":{"start":{"line":70,"column":28},"end":{"line":73,"column":30}},"24":{"start":{"line":82,"column":19},"end":{"line":82,"column":36}},"25":{"start":{"line":83,"column":8},"end":{"line":93,"column":24}},"26":{"start":{"line":91,"column":16},"end":{"line":91,"column":42}},"27":{"start":{"line":97,"column":42},"end":{"line":97,"column":50}},"28":{"start":{"line":98,"column":19},"end":{"line":98,"column":36}},"29":{"start":{"line":99,"column":8},"end":{"line":107,"column":20}},"30":{"start":{"line":105,"column":12},"end":{"line":105,"column":40}},"31":{"start":{"line":111,"column":0},"end":{"line":111,"column":31}}},"fnMap":{"0":{"name":"(anonymous_0)","decl":{"start":{"line":6,"column":4},"end":{"line":6,"column":5}},"loc":{"start":{"line":6,"column":37},"end":{"line":24,"column":5}},"line":6},"1":{"name":"(anonymous_1)","decl":{"start":{"line":11,"column":18},"end":{"line":11,"column":19}},"loc":{"start":{"line":11,"column":26},"end":{"line":22,"column":13}},"line":11},"2":{"name":"(anonymous_2)","decl":{"start":{"line":26,"column":4},"end":{"line":26,"column":5}},"loc":{"start":{"line":26,"column":33},"end":{"line":79,"column":5}},"line":26},"3":{"name":"(anonymous_3)","decl":{"start":{"line":34,"column":18},"end":{"line":34,"column":19}},"loc":{"start":{"line":34,"column":30},"end":{"line":77,"column":13}},"line":34},"4":{"name":"(anonymous_4)","decl":{"start":{"line":81,"column":4},"end":{"line":81,"column":5}},"loc":{"start":{"line":81,"column":35},"end":{"line":94,"column":5}},"line":81},"5":{"name":"(anonymous_5)","decl":{"start":{"line":90,"column":18},"end":{"line":90,"column":19}},"loc":{"start":{"line":90,"column":26},"end":{"line":92,"column":13}},"line":90},"6":{"name":"(anonymous_6)","decl":{"start":{"line":96,"column":4},"end":{"line":96,"column":5}},"loc":{"start":{"line":96,"column":39},"end":{"line":108,"column":5}},"line":96},"7":{"name":"(anonymous_7)","decl":{"start":{"line":104,"column":14},"end":{"line":104,"column":15}},"loc":{"start":{"line":104,"column":24},"end":{"line":106,"column":9}},"line":104}},"branchMap":{"0":{"loc":{"start":{"line":35,"column":16},"end":{"line":76,"column":17}},"type":"if","locations":[{"start":{"line":35,"column":16},"end":{"line":76,"column":17}},{"start":{"line":35,"column":16},"end":{"line":76,"column":17}}],"line":35},"1":{"loc":{"start":{"line":35,"column":20},"end":{"line":35,"column":64}},"type":"binary-expr","locations":[{"start":{"line":35,"column":20},"end":{"line":35,"column":40}},{"start":{"line":35,"column":44},"end":{"line":35,"column":64}}],"line":35},"2":{"loc":{"start":{"line":41,"column":20},"end":{"line":75,"column":21}},"type":"if","locations":[{"start":{"line":41,"column":20},"end":{"line":75,"column":21}},{"start":{"line":41,"column":20},"end":{"line":75,"column":21}}],"line":41},"3":{"loc":{"start":{"line":43,"column":24},"end":{"line":57,"column":25}},"type":"if","locations":[{"start":{"line":43,"column":24},"end":{"line":57,"column":25}},{"start":{"line":43,"column":24},"end":{"line":57,"column":25}}],"line":43},"4":{"loc":{"start":{"line":58,"column":27},"end":{"line":75,"column":21}},"type":"if","locations":[{"start":{"line":58,"column":27},"end":{"line":75,"column":21}},{"start":{"line":58,"column":27},"end":{"line":75,"column":21}}],"line":58},"5":{"loc":{"start":{"line":60,"column":24},"end":{"line":74,"column":25}},"type":"if","locations":[{"start":{"line":60,"column":24},"end":{"line":74,"column":25}},{"start":{"line":60,"column":24},"end":{"line":74,"column":25}}],"line":60}},"s":{"0":7,"1":7,"2":7,"3":10,"4":10,"5":1,"6":1,"7":5,"8":5,"9":5,"10":5,"11":1,"12":4,"13":2,"14":2,"15":1,"16":1,"17":1,"18":2,"19":2,"20":2,"21":1,"22":1,"23":1,"24":1,"25":1,"26":1,"27":1,"28":1,"29":1,"30":1,"31":7},"f":{"0":10,"1":1,"2":5,"3":5,"4":1,"5":1,"6":1,"7":1},"b":{"0":[1,4],"1":[5,3],"2":[2,2],"3":[1,1],"4":[2,0],"5":[1,1]},"_coverageSchema":"1a1c01bbd47fc00a2c39e90264f33305004495a9","hash":"f764c79144eadf2feb1ede2e02e6aaa6faa14df3"}
,"/home/dk/hacktiv8/FINAL-PROJECT-JS-PRO/Server/controllers/userSubjectController.js": {"path":"/home/dk/hacktiv8/FINAL-PROJECT-JS-PRO/Server/controllers/userSubjectController.js","statementMap":{"0":{"start":{"line":1,"column":33},"end":{"line":1,"column":53}},"1":{"start":{"line":3,"column":0},"end":{"line":33,"column":1}},"2":{"start":{"line":5,"column":19},"end":{"line":5,"column":36}},"3":{"start":{"line":6,"column":4},"end":{"line":12,"column":18}},"4":{"start":{"line":8,"column":8},"end":{"line":10,"column":25}},"5":{"start":{"line":16,"column":19},"end":{"line":16,"column":36}},"6":{"start":{"line":17,"column":19},"end":{"line":17,"column":29}},"7":{"start":{"line":18,"column":23},"end":{"line":18,"column":31}},"8":{"start":{"line":19,"column":4},"end":{"line":31,"column":18}},"9":{"start":{"line":23,"column":8},"end":{"line":29,"column":9}},"10":{"start":{"line":24,"column":10},"end":{"line":26,"column":57}},"11":{"start":{"line":28,"column":10},"end":{"line":28,"column":43}}},"fnMap":{"0":{"name":"(anonymous_0)","decl":{"start":{"line":4,"column":2},"end":{"line":4,"column":3}},"loc":{"start":{"line":4,"column":36},"end":{"line":13,"column":3}},"line":4},"1":{"name":"(anonymous_1)","decl":{"start":{"line":7,"column":12},"end":{"line":7,"column":13}},"loc":{"start":{"line":7,"column":24},"end":{"line":11,"column":7}},"line":7},"2":{"name":"(anonymous_2)","decl":{"start":{"line":15,"column":2},"end":{"line":15,"column":3}},"loc":{"start":{"line":15,"column":36},"end":{"line":32,"column":3}},"line":15},"3":{"name":"(anonymous_3)","decl":{"start":{"line":22,"column":12},"end":{"line":22,"column":13}},"loc":{"start":{"line":22,"column":22},"end":{"line":30,"column":7}},"line":22}},"branchMap":{"0":{"loc":{"start":{"line":23,"column":8},"end":{"line":29,"column":9}},"type":"if","locations":[{"start":{"line":23,"column":8},"end":{"line":29,"column":9}},{"start":{"line":23,"column":8},"end":{"line":29,"column":9}}],"line":23}},"s":{"0":7,"1":7,"2":1,"3":1,"4":1,"5":2,"6":2,"7":2,"8":2,"9":2,"10":1,"11":1},"f":{"0":1,"1":1,"2":2,"3":2},"b":{"0":[1,1]},"_coverageSchema":"1a1c01bbd47fc00a2c39e90264f33305004495a9","hash":"51c23778b37c6e9d0bbd62c807b22842e5f84596"}
,"/home/dk/hacktiv8/FINAL-PROJECT-JS-PRO/Server/helpers/executeCode.js": {"path":"/home/dk/hacktiv8/FINAL-PROJECT-JS-PRO/Server/helpers/executeCode.js","statementMap":{"0":{"start":{"line":1,"column":11},"end":{"line":1,"column":24}},"1":{"start":{"line":3,"column":0},"end":{"line":16,"column":1}},"2":{"start":{"line":4,"column":17},"end":{"line":7,"column":3}},"3":{"start":{"line":8,"column":2},"end":{"line":14,"column":3}},"4":{"start":{"line":9,"column":4},"end":{"line":9,"column":44}},"5":{"start":{"line":10,"column":4},"end":{"line":10,"column":45}},"6":{"start":{"line":12,"column":6},"end":{"line":12,"column":36}},"7":{"start":{"line":13,"column":6},"end":{"line":13,"column":42}},"8":{"start":{"line":15,"column":2},"end":{"line":15,"column":15}}},"fnMap":{"0":{"name":"(anonymous_0)","decl":{"start":{"line":3,"column":17},"end":{"line":3,"column":18}},"loc":{"start":{"line":3,"column":24},"end":{"line":16,"column":1}},"line":3}},"branchMap":{},"s":{"0":7,"1":7,"2":4,"3":4,"4":4,"5":3,"6":1,"7":1,"8":4},"f":{"0":4},"b":{},"_coverageSchema":"1a1c01bbd47fc00a2c39e90264f33305004495a9","hash":"e410a05aecb2fdb5bab911de018b9b2714749ac1"}
,"/home/dk/hacktiv8/FINAL-PROJECT-JS-PRO/Server/helpers/hash.js": {"path":"/home/dk/hacktiv8/FINAL-PROJECT-JS-PRO/Server/helpers/hash.js","statementMap":{"0":{"start":{"line":1,"column":17},"end":{"line":1,"column":36}},"1":{"start":{"line":3,"column":0},"end":{"line":12,"column":1}},"2":{"start":{"line":5,"column":17},"end":{"line":5,"column":41}},"3":{"start":{"line":6,"column":4},"end":{"line":6,"column":44}},"4":{"start":{"line":10,"column":4},"end":{"line":10,"column":57}}},"fnMap":{"0":{"name":"(anonymous_0)","decl":{"start":{"line":4,"column":2},"end":{"line":4,"column":3}},"loc":{"start":{"line":4,"column":17},"end":{"line":7,"column":3}},"line":4},"1":{"name":"(anonymous_1)","decl":{"start":{"line":9,"column":2},"end":{"line":9,"column":3}},"loc":{"start":{"line":9,"column":36},"end":{"line":11,"column":3}},"line":9}},"branchMap":{},"s":{"0":7,"1":7,"2":12,"3":12,"4":4},"f":{"0":12,"1":4},"b":{},"_coverageSchema":"1a1c01bbd47fc00a2c39e90264f33305004495a9","hash":"4658b44b925d6073e55a7efc3499aa44a3fb45b6"}
,"/home/dk/hacktiv8/FINAL-PROJECT-JS-PRO/Server/helpers/jwt.js": {"path":"/home/dk/hacktiv8/FINAL-PROJECT-JS-PRO/Server/helpers/jwt.js","statementMap":{"0":{"start":{"line":1,"column":12},"end":{"line":1,"column":35}},"1":{"start":{"line":2,"column":15},"end":{"line":2,"column":33}},"2":{"start":{"line":4,"column":0},"end":{"line":12,"column":1}},"3":{"start":{"line":6,"column":4},"end":{"line":6,"column":48}},"4":{"start":{"line":10,"column":4},"end":{"line":10,"column":48}}},"fnMap":{"0":{"name":"(anonymous_0)","decl":{"start":{"line":5,"column":2},"end":{"line":5,"column":3}},"loc":{"start":{"line":5,"column":16},"end":{"line":7,"column":3}},"line":5},"1":{"name":"(anonymous_1)","decl":{"start":{"line":9,"column":2},"end":{"line":9,"column":3}},"loc":{"start":{"line":9,"column":16},"end":{"line":11,"column":3}},"line":9}},"branchMap":{},"s":{"0":7,"1":7,"2":7,"3":12,"4":12},"f":{"0":12,"1":12},"b":{},"_coverageSchema":"1a1c01bbd47fc00a2c39e90264f33305004495a9","hash":"0345d554278951122a41abc44bcfd937d065da05"}
,"/home/dk/hacktiv8/FINAL-PROJECT-JS-PRO/Server/middlewares/authentication.js": {"path":"/home/dk/hacktiv8/FINAL-PROJECT-JS-PRO/Server/middlewares/authentication.js","statementMap":{"0":{"start":{"line":1,"column":26},"end":{"line":1,"column":46}},"1":{"start":{"line":2,"column":19},"end":{"line":2,"column":44}},"2":{"start":{"line":4,"column":0},"end":{"line":30,"column":1}},"3":{"start":{"line":5,"column":16},"end":{"line":5,"column":40}},"4":{"start":{"line":6,"column":2},"end":{"line":29,"column":3}},"5":{"start":{"line":7,"column":4},"end":{"line":26,"column":5}},"6":{"start":{"line":8,"column":19},"end":{"line":8,"column":32}},"7":{"start":{"line":9,"column":6},"end":{"line":22,"column":7}},"8":{"start":{"line":10,"column":8},"end":{"line":19,"column":12}},"9":{"start":{"line":12,"column":12},"end":{"line":18,"column":13}},"10":{"start":{"line":13,"column":14},"end":{"line":13,"column":41}},"11":{"start":{"line":14,"column":14},"end":{"line":14,"column":48}},"12":{"start":{"line":15,"column":14},"end":{"line":15,"column":20}},"13":{"start":{"line":17,"column":14},"end":{"line":17,"column":38}},"14":{"start":{"line":21,"column":8},"end":{"line":21,"column":34}},"15":{"start":{"line":25,"column":6},"end":{"line":25,"column":15}},"16":{"start":{"line":28,"column":4},"end":{"line":28,"column":30}}},"fnMap":{"0":{"name":"(anonymous_0)","decl":{"start":{"line":4,"column":17},"end":{"line":4,"column":18}},"loc":{"start":{"line":4,"column":37},"end":{"line":30,"column":1}},"line":4},"1":{"name":"(anonymous_1)","decl":{"start":{"line":11,"column":16},"end":{"line":11,"column":17}},"loc":{"start":{"line":11,"column":24},"end":{"line":19,"column":11}},"line":11}},"branchMap":{"0":{"loc":{"start":{"line":6,"column":2},"end":{"line":29,"column":3}},"type":"if","locations":[{"start":{"line":6,"column":2},"end":{"line":29,"column":3}},{"start":{"line":6,"column":2},"end":{"line":29,"column":3}}],"line":6},"1":{"loc":{"start":{"line":9,"column":6},"end":{"line":22,"column":7}},"type":"if","locations":[{"start":{"line":9,"column":6},"end":{"line":22,"column":7}},{"start":{"line":9,"column":6},"end":{"line":22,"column":7}}],"line":9},"2":{"loc":{"start":{"line":12,"column":12},"end":{"line":18,"column":13}},"type":"if","locations":[{"start":{"line":12,"column":12},"end":{"line":18,"column":13}},{"start":{"line":12,"column":12},"end":{"line":18,"column":13}}],"line":12}},"s":{"0":7,"1":7,"2":7,"3":13,"4":13,"5":12,"6":12,"7":11,"8":11,"9":11,"10":10,"11":10,"12":10,"13":1,"14":0,"15":1,"16":1},"f":{"0":13,"1":11},"b":{"0":[12,1],"1":[11,0],"2":[10,1]},"_coverageSchema":"1a1c01bbd47fc00a2c39e90264f33305004495a9","hash":"ccd8373d588a4f893e2f012f7af5a592febd5894"}
,"/home/dk/hacktiv8/FINAL-PROJECT-JS-PRO/Server/middlewares/errorHandler.js": {"path":"/home/dk/hacktiv8/FINAL-PROJECT-JS-PRO/Server/middlewares/errorHandler.js","statementMap":{"0":{"start":{"line":1,"column":0},"end":{"line":47,"column":1}},"1":{"start":{"line":3,"column":4},"end":{"line":25,"column":5}},"2":{"start":{"line":4,"column":8},"end":{"line":4,"column":24}},"3":{"start":{"line":5,"column":8},"end":{"line":5,"column":70}},"4":{"start":{"line":6,"column":11},"end":{"line":25,"column":5}},"5":{"start":{"line":7,"column":8},"end":{"line":7,"column":24}},"6":{"start":{"line":8,"column":8},"end":{"line":8,"column":55}},"7":{"start":{"line":9,"column":11},"end":{"line":25,"column":5}},"8":{"start":{"line":10,"column":8},"end":{"line":10,"column":24}},"9":{"start":{"line":11,"column":8},"end":{"line":11,"column":50}},"10":{"start":{"line":12,"column":11},"end":{"line":25,"column":5}},"11":{"start":{"line":13,"column":8},"end":{"line":13,"column":24}},"12":{"start":{"line":14,"column":8},"end":{"line":14,"column":30}},"13":{"start":{"line":15,"column":11},"end":{"line":25,"column":5}},"14":{"start":{"line":16,"column":8},"end":{"line":18,"column":10}},"15":{"start":{"line":19,"column":11},"end":{"line":25,"column":5}},"16":{"start":{"line":20,"column":8},"end":{"line":20,"column":24}},"17":{"start":{"line":21,"column":8},"end":{"line":21,"column":45}},"18":{"start":{"line":22,"column":11},"end":{"line":25,"column":5}},"19":{"start":{"line":23,"column":8},"end":{"line":23,"column":24}},"20":{"start":{"line":24,"column":8},"end":{"line":24,"column":45}},"21":{"start":{"line":27,"column":4},"end":{"line":46,"column":5}},"22":{"start":{"line":28,"column":24},"end":{"line":30,"column":9}},"23":{"start":{"line":31,"column":8},"end":{"line":33,"column":11}},"24":{"start":{"line":32,"column":12},"end":{"line":32,"column":42}},"25":{"start":{"line":34,"column":8},"end":{"line":36,"column":10}},"26":{"start":{"line":37,"column":11},"end":{"line":46,"column":5}},"27":{"start":{"line":38,"column":8},"end":{"line":40,"column":10}},"28":{"start":{"line":42,"column":8},"end":{"line":45,"column":10}}},"fnMap":{"0":{"name":"(anonymous_0)","decl":{"start":{"line":1,"column":17},"end":{"line":1,"column":18}},"loc":{"start":{"line":1,"column":42},"end":{"line":47,"column":1}},"line":1},"1":{"name":"(anonymous_1)","decl":{"start":{"line":31,"column":27},"end":{"line":31,"column":28}},"loc":{"start":{"line":31,"column":33},"end":{"line":33,"column":9}},"line":31}},"branchMap":{"0":{"loc":{"start":{"line":3,"column":4},"end":{"line":25,"column":5}},"type":"if","locations":[{"start":{"line":3,"column":4},"end":{"line":25,"column":5}},{"start":{"line":3,"column":4},"end":{"line":25,"column":5}}],"line":3},"1":{"loc":{"start":{"line":6,"column":11},"end":{"line":25,"column":5}},"type":"if","locations":[{"start":{"line":6,"column":11},"end":{"line":25,"column":5}},{"start":{"line":6,"column":11},"end":{"line":25,"column":5}}],"line":6},"2":{"loc":{"start":{"line":9,"column":11},"end":{"line":25,"column":5}},"type":"if","locations":[{"start":{"line":9,"column":11},"end":{"line":25,"column":5}},{"start":{"line":9,"column":11},"end":{"line":25,"column":5}}],"line":9},"3":{"loc":{"start":{"line":12,"column":11},"end":{"line":25,"column":5}},"type":"if","locations":[{"start":{"line":12,"column":11},"end":{"line":25,"column":5}},{"start":{"line":12,"column":11},"end":{"line":25,"column":5}}],"line":12},"4":{"loc":{"start":{"line":15,"column":11},"end":{"line":25,"column":5}},"type":"if","locations":[{"start":{"line":15,"column":11},"end":{"line":25,"column":5}},{"start":{"line":15,"column":11},"end":{"line":25,"column":5}}],"line":15},"5":{"loc":{"start":{"line":19,"column":11},"end":{"line":25,"column":5}},"type":"if","locations":[{"start":{"line":19,"column":11},"end":{"line":25,"column":5}},{"start":{"line":19,"column":11},"end":{"line":25,"column":5}}],"line":19},"6":{"loc":{"start":{"line":22,"column":11},"end":{"line":25,"column":5}},"type":"if","locations":[{"start":{"line":22,"column":11},"end":{"line":25,"column":5}},{"start":{"line":22,"column":11},"end":{"line":25,"column":5}}],"line":22},"7":{"loc":{"start":{"line":27,"column":4},"end":{"line":46,"column":5}},"type":"if","locations":[{"start":{"line":27,"column":4},"end":{"line":46,"column":5}},{"start":{"line":27,"column":4},"end":{"line":46,"column":5}}],"line":27},"8":{"loc":{"start":{"line":37,"column":11},"end":{"line":46,"column":5}},"type":"if","locations":[{"start":{"line":37,"column":11},"end":{"line":46,"column":5}},{"start":{"line":37,"column":11},"end":{"line":46,"column":5}}],"line":37},"9":{"loc":{"start":{"line":42,"column":19},"end":{"line":42,"column":36}},"type":"binary-expr","locations":[{"start":{"line":42,"column":19},"end":{"line":42,"column":29}},{"start":{"line":42,"column":33},"end":{"line":42,"column":36}}],"line":42},"10":{"loc":{"start":{"line":43,"column":17},"end":{"line":43,"column":51}},"type":"binary-expr","locations":[{"start":{"line":43,"column":17},"end":{"line":43,"column":24}},{"start":{"line":43,"column":28},"end":{"line":43,"column":51}}],"line":43}},"s":{"0":7,"1":19,"2":1,"3":1,"4":18,"5":1,"6":1,"7":17,"8":1,"9":1,"10":16,"11":1,"12":1,"13":15,"14":2,"15":13,"16":1,"17":1,"18":12,"19":1,"20":1,"21":19,"22":7,"23":7,"24":7,"25":7,"26":12,"27":1,"28":11},"f":{"0":19,"1":7},"b":{"0":[1,18],"1":[1,17],"2":[1,16],"3":[1,15],"4":[2,13],"5":[1,12],"6":[1,11],"7":[7,12],"8":[1,11],"9":[11,2],"10":[11,2]},"_coverageSchema":"1a1c01bbd47fc00a2c39e90264f33305004495a9","hash":"0d141fe065990f4f75cf8bc7d0bcfa9db69bce76"}
,"/home/dk/hacktiv8/FINAL-PROJECT-JS-PRO/Server/models/chapter.js": {"path":"/home/dk/hacktiv8/FINAL-PROJECT-JS-PRO/Server/models/chapter.js","statementMap":{"0":{"start":{"line":2,"column":0},"end":{"line":17,"column":2}},"1":{"start":{"line":6,"column":6},"end":{"line":6,"column":39}},"2":{"start":{"line":7,"column":6},"end":{"line":7,"column":37}},"3":{"start":{"line":11,"column":2},"end":{"line":15,"column":20}},"4":{"start":{"line":16,"column":2},"end":{"line":16,"column":17}}},"fnMap":{"0":{"name":"(anonymous_0)","decl":{"start":{"line":2,"column":17},"end":{"line":2,"column":18}},"loc":{"start":{"line":2,"column":43},"end":{"line":17,"column":1}},"line":2},"1":{"name":"(anonymous_1)","decl":{"start":{"line":4,"column":4},"end":{"line":4,"column":5}},"loc":{"start":{"line":4,"column":29},"end":{"line":8,"column":5}},"line":4}},"branchMap":{},"s":{"0":7,"1":7,"2":7,"3":7,"4":7},"f":{"0":7,"1":7},"b":{},"_coverageSchema":"1a1c01bbd47fc00a2c39e90264f33305004495a9","hash":"48cabd968705278d4db17a90196667f302d25cb4"}
,"/home/dk/hacktiv8/FINAL-PROJECT-JS-PRO/Server/models/exam.js": {"path":"/home/dk/hacktiv8/FINAL-PROJECT-JS-PRO/Server/models/exam.js","statementMap":{"0":{"start":{"line":2,"column":0},"end":{"line":16,"column":2}},"1":{"start":{"line":5,"column":6},"end":{"line":5,"column":36}},"2":{"start":{"line":9,"column":2},"end":{"line":14,"column":20}},"3":{"start":{"line":15,"column":2},"end":{"line":15,"column":14}}},"fnMap":{"0":{"name":"(anonymous_0)","decl":{"start":{"line":2,"column":17},"end":{"line":2,"column":18}},"loc":{"start":{"line":2,"column":43},"end":{"line":16,"column":1}},"line":2},"1":{"name":"(anonymous_1)","decl":{"start":{"line":4,"column":4},"end":{"line":4,"column":5}},"loc":{"start":{"line":4,"column":29},"end":{"line":6,"column":5}},"line":4}},"branchMap":{},"s":{"0":7,"1":7,"2":7,"3":7},"f":{"0":7,"1":7},"b":{},"_coverageSchema":"1a1c01bbd47fc00a2c39e90264f33305004495a9","hash":"6cacf29b6f1a0de4300d0259c2494deafa180612"}
,"/home/dk/hacktiv8/FINAL-PROJECT-JS-PRO/Server/models/history.js": {"path":"/home/dk/hacktiv8/FINAL-PROJECT-JS-PRO/Server/models/history.js","statementMap":{"0":{"start":{"line":2,"column":0},"end":{"line":17,"column":2}},"1":{"start":{"line":6,"column":6},"end":{"line":6,"column":36}},"2":{"start":{"line":7,"column":6},"end":{"line":7,"column":39}},"3":{"start":{"line":11,"column":2},"end":{"line":15,"column":20}},"4":{"start":{"line":16,"column":2},"end":{"line":16,"column":17}}},"fnMap":{"0":{"name":"(anonymous_0)","decl":{"start":{"line":2,"column":17},"end":{"line":2,"column":18}},"loc":{"start":{"line":2,"column":43},"end":{"line":17,"column":1}},"line":2},"1":{"name":"(anonymous_1)","decl":{"start":{"line":4,"column":4},"end":{"line":4,"column":5}},"loc":{"start":{"line":4,"column":29},"end":{"line":8,"column":5}},"line":4}},"branchMap":{},"s":{"0":7,"1":7,"2":7,"3":7,"4":7},"f":{"0":7,"1":7},"b":{},"_coverageSchema":"1a1c01bbd47fc00a2c39e90264f33305004495a9","hash":"b9ec0a663f6894bd3fc8591a09b696813c2bb325"}
,"/home/dk/hacktiv8/FINAL-PROJECT-JS-PRO/Server/models/index.js": {"path":"/home/dk/hacktiv8/FINAL-PROJECT-JS-PRO/Server/models/index.js","statementMap":{"0":{"start":{"line":3,"column":11},"end":{"line":3,"column":24}},"1":{"start":{"line":4,"column":13},"end":{"line":4,"column":28}},"2":{"start":{"line":5,"column":18},"end":{"line":5,"column":38}},"3":{"start":{"line":6,"column":17},"end":{"line":6,"column":42}},"4":{"start":{"line":7,"column":12},"end":{"line":7,"column":49}},"5":{"start":{"line":8,"column":15},"end":{"line":8,"column":65}},"6":{"start":{"line":9,"column":11},"end":{"line":9,"column":13}},"7":{"start":{"line":12,"column":0},"end":{"line":16,"column":1}},"8":{"start":{"line":13,"column":2},"end":{"line":13,"column":74}},"9":{"start":{"line":15,"column":2},"end":{"line":15,"column":87}},"10":{"start":{"line":18,"column":0},"end":{"line":26,"column":5}},"11":{"start":{"line":21,"column":4},"end":{"line":21,"column":90}},"12":{"start":{"line":24,"column":18},"end":{"line":24,"column":65}},"13":{"start":{"line":25,"column":4},"end":{"line":25,"column":27}},"14":{"start":{"line":28,"column":0},"end":{"line":32,"column":3}},"15":{"start":{"line":29,"column":2},"end":{"line":31,"column":3}},"16":{"start":{"line":30,"column":4},"end":{"line":30,"column":32}},"17":{"start":{"line":34,"column":0},"end":{"line":34,"column":25}},"18":{"start":{"line":35,"column":0},"end":{"line":35,"column":25}},"19":{"start":{"line":37,"column":0},"end":{"line":37,"column":20}}},"fnMap":{"0":{"name":"(anonymous_0)","decl":{"start":{"line":20,"column":10},"end":{"line":20,"column":11}},"loc":{"start":{"line":20,"column":18},"end":{"line":22,"column":3}},"line":20},"1":{"name":"(anonymous_1)","decl":{"start":{"line":23,"column":11},"end":{"line":23,"column":12}},"loc":{"start":{"line":23,"column":19},"end":{"line":26,"column":3}},"line":23},"2":{"name":"(anonymous_2)","decl":{"start":{"line":28,"column":24},"end":{"line":28,"column":25}},"loc":{"start":{"line":28,"column":37},"end":{"line":32,"column":1}},"line":28}},"branchMap":{"0":{"loc":{"start":{"line":7,"column":12},"end":{"line":7,"column":49}},"type":"binary-expr","locations":[{"start":{"line":7,"column":12},"end":{"line":7,"column":32}},{"start":{"line":7,"column":36},"end":{"line":7,"column":49}}],"line":7},"1":{"loc":{"start":{"line":12,"column":0},"end":{"line":16,"column":1}},"type":"if","locations":[{"start":{"line":12,"column":0},"end":{"line":16,"column":1}},{"start":{"line":12,"column":0},"end":{"line":16,"column":1}}],"line":12},"2":{"loc":{"start":{"line":21,"column":11},"end":{"line":21,"column":89}},"type":"binary-expr","locations":[{"start":{"line":21,"column":12},"end":{"line":21,"column":35}},{"start":{"line":21,"column":41},"end":{"line":21,"column":58}},{"start":{"line":21,"column":64},"end":{"line":21,"column":88}}],"line":21},"3":{"loc":{"start":{"line":29,"column":2},"end":{"line":31,"column":3}},"type":"if","locations":[{"start":{"line":29,"column":2},"end":{"line":31,"column":3}},{"start":{"line":29,"column":2},"end":{"line":31,"column":3}}],"line":29}},"s":{"0":7,"1":7,"2":7,"3":7,"4":7,"5":7,"6":7,"7":7,"8":0,"9":7,"10":7,"11":63,"12":56,"13":56,"14":7,"15":56,"16":56,"17":7,"18":7,"19":7},"f":{"0":63,"1":56,"2":56},"b":{"0":[7,0],"1":[0,7],"2":[63,63,56],"3":[56,0]},"_coverageSchema":"1a1c01bbd47fc00a2c39e90264f33305004495a9","hash":"13e66ca5f70dd5ba6a432c510169a8d4aefb7809"}
,"/home/dk/hacktiv8/FINAL-PROJECT-JS-PRO/Server/models/level.js": {"path":"/home/dk/hacktiv8/FINAL-PROJECT-JS-PRO/Server/models/level.js","statementMap":{"0":{"start":{"line":2,"column":0},"end":{"line":13,"column":2}},"1":{"start":{"line":5,"column":6},"end":{"line":5,"column":35}},"2":{"start":{"line":9,"column":2},"end":{"line":11,"column":20}},"3":{"start":{"line":12,"column":2},"end":{"line":12,"column":15}}},"fnMap":{"0":{"name":"(anonymous_0)","decl":{"start":{"line":2,"column":17},"end":{"line":2,"column":18}},"loc":{"start":{"line":2,"column":43},"end":{"line":13,"column":1}},"line":2},"1":{"name":"(anonymous_1)","decl":{"start":{"line":4,"column":4},"end":{"line":4,"column":5}},"loc":{"start":{"line":4,"column":29},"end":{"line":6,"column":5}},"line":4}},"branchMap":{},"s":{"0":7,"1":7,"2":7,"3":7},"f":{"0":7,"1":7},"b":{},"_coverageSchema":"1a1c01bbd47fc00a2c39e90264f33305004495a9","hash":"541cb99ec3dfd27a4b8009dcd93f23d41a9e1caa"}
,"/home/dk/hacktiv8/FINAL-PROJECT-JS-PRO/Server/models/subject.js": {"path":"/home/dk/hacktiv8/FINAL-PROJECT-JS-PRO/Server/models/subject.js","statementMap":{"0":{"start":{"line":2,"column":0},"end":{"line":16,"column":2}},"1":{"start":{"line":5,"column":6},"end":{"line":5,"column":37}},"2":{"start":{"line":6,"column":6},"end":{"line":6,"column":37}},"3":{"start":{"line":11,"column":2},"end":{"line":14,"column":20}},"4":{"start":{"line":15,"column":2},"end":{"line":15,"column":17}}},"fnMap":{"0":{"name":"(anonymous_0)","decl":{"start":{"line":2,"column":17},"end":{"line":2,"column":18}},"loc":{"start":{"line":2,"column":43},"end":{"line":16,"column":1}},"line":2},"1":{"name":"(anonymous_1)","decl":{"start":{"line":4,"column":4},"end":{"line":4,"column":5}},"loc":{"start":{"line":4,"column":29},"end":{"line":8,"column":5}},"line":4}},"branchMap":{},"s":{"0":7,"1":7,"2":7,"3":7,"4":7},"f":{"0":7,"1":7},"b":{},"_coverageSchema":"1a1c01bbd47fc00a2c39e90264f33305004495a9","hash":"661050fd8b5a2e8e0ceabfd7e0a32515df5c907e"}
,"/home/dk/hacktiv8/FINAL-PROJECT-JS-PRO/Server/models/user.js": {"path":"/home/dk/hacktiv8/FINAL-PROJECT-JS-PRO/Server/models/user.js","statementMap":{"0":{"start":{"line":2,"column":0},"end":{"line":100,"column":2}},"1":{"start":{"line":3,"column":19},"end":{"line":3,"column":45}},"2":{"start":{"line":8,"column":6},"end":{"line":8,"column":37}},"3":{"start":{"line":9,"column":6},"end":{"line":9,"column":34}},"4":{"start":{"line":12,"column":2},"end":{"line":98,"column":5}},"5":{"start":{"line":68,"column":8},"end":{"line":68,"column":43}},"6":{"start":{"line":71,"column":24},"end":{"line":71,"column":48}},"7":{"start":{"line":72,"column":8},"end":{"line":76,"column":10}},"8":{"start":{"line":78,"column":28},"end":{"line":78,"column":56}},"9":{"start":{"line":85,"column":27},"end":{"line":85,"column":29}},"10":{"start":{"line":86,"column":8},"end":{"line":94,"column":9}},"11":{"start":{"line":86,"column":21},"end":{"line":86,"column":22}},"12":{"start":{"line":87,"column":25},"end":{"line":87,"column":54}},"13":{"start":{"line":88,"column":26},"end":{"line":92,"column":11}},"14":{"start":{"line":93,"column":10},"end":{"line":93,"column":34}},"15":{"start":{"line":95,"column":8},"end":{"line":95,"column":42}},"16":{"start":{"line":99,"column":2},"end":{"line":99,"column":14}}},"fnMap":{"0":{"name":"(anonymous_0)","decl":{"start":{"line":2,"column":17},"end":{"line":2,"column":18}},"loc":{"start":{"line":2,"column":43},"end":{"line":100,"column":1}},"line":2},"1":{"name":"(anonymous_1)","decl":{"start":{"line":6,"column":4},"end":{"line":6,"column":5}},"loc":{"start":{"line":6,"column":29},"end":{"line":10,"column":5}},"line":6},"2":{"name":"(anonymous_2)","decl":{"start":{"line":67,"column":20},"end":{"line":67,"column":21}},"loc":{"start":{"line":67,"column":28},"end":{"line":69,"column":7}},"line":67},"3":{"name":"(anonymous_3)","decl":{"start":{"line":70,"column":19},"end":{"line":70,"column":20}},"loc":{"start":{"line":70,"column":27},"end":{"line":96,"column":7}},"line":70}},"branchMap":{"0":{"loc":{"start":{"line":87,"column":25},"end":{"line":87,"column":54}},"type":"cond-expr","locations":[{"start":{"line":87,"column":35},"end":{"line":87,"column":43}},{"start":{"line":87,"column":46},"end":{"line":87,"column":54}}],"line":87}},"s":{"0":7,"1":7,"2":7,"3":7,"4":7,"5":12,"6":10,"7":10,"8":10,"9":10,"10":10,"11":10,"12":90,"13":90,"14":90,"15":10,"16":7},"f":{"0":7,"1":7,"2":12,"3":10},"b":{"0":[10,80]},"_coverageSchema":"1a1c01bbd47fc00a2c39e90264f33305004495a9","hash":"8de905378d90bc38ce9f8391c3e33b6bd2b0b958"}
,"/home/dk/hacktiv8/FINAL-PROJECT-JS-PRO/Server/models/useranswer.js": {"path":"/home/dk/hacktiv8/FINAL-PROJECT-JS-PRO/Server/models/useranswer.js","statementMap":{"0":{"start":{"line":2,"column":0},"end":{"line":19,"column":2}},"1":{"start":{"line":6,"column":6},"end":{"line":6,"column":39}},"2":{"start":{"line":11,"column":2},"end":{"line":17,"column":20}},"3":{"start":{"line":18,"column":2},"end":{"line":18,"column":20}}},"fnMap":{"0":{"name":"(anonymous_0)","decl":{"start":{"line":2,"column":17},"end":{"line":2,"column":18}},"loc":{"start":{"line":2,"column":43},"end":{"line":19,"column":1}},"line":2},"1":{"name":"(anonymous_1)","decl":{"start":{"line":4,"column":4},"end":{"line":4,"column":5}},"loc":{"start":{"line":4,"column":29},"end":{"line":8,"column":5}},"line":4}},"branchMap":{},"s":{"0":7,"1":7,"2":7,"3":7},"f":{"0":7,"1":7},"b":{},"_coverageSchema":"1a1c01bbd47fc00a2c39e90264f33305004495a9","hash":"b995bbd5f3ef73b7ccb6f6fa5080959c91264b94"}
,"/home/dk/hacktiv8/FINAL-PROJECT-JS-PRO/Server/models/usersubject.js": {"path":"/home/dk/hacktiv8/FINAL-PROJECT-JS-PRO/Server/models/usersubject.js","statementMap":{"0":{"start":{"line":2,"column":0},"end":{"line":20,"column":2}},"1":{"start":{"line":6,"column":6},"end":{"line":6,"column":40}},"2":{"start":{"line":7,"column":6},"end":{"line":7,"column":43}},"3":{"start":{"line":11,"column":2},"end":{"line":18,"column":20}},"4":{"start":{"line":19,"column":2},"end":{"line":19,"column":21}}},"fnMap":{"0":{"name":"(anonymous_0)","decl":{"start":{"line":2,"column":17},"end":{"line":2,"column":18}},"loc":{"start":{"line":2,"column":43},"end":{"line":20,"column":1}},"line":2},"1":{"name":"(anonymous_1)","decl":{"start":{"line":4,"column":4},"end":{"line":4,"column":5}},"loc":{"start":{"line":4,"column":29},"end":{"line":8,"column":5}},"line":4}},"branchMap":{},"s":{"0":7,"1":7,"2":7,"3":7,"4":7},"f":{"0":7,"1":7},"b":{},"_coverageSchema":"1a1c01bbd47fc00a2c39e90264f33305004495a9","hash":"8311575c4ee4c96dca64c9f93ccfed6584bacb86"}
,"/home/dk/hacktiv8/FINAL-PROJECT-JS-PRO/Server/routes/chapterRouter.js": {"path":"/home/dk/hacktiv8/FINAL-PROJECT-JS-PRO/Server/routes/chapterRouter.js","statementMap":{"0":{"start":{"line":1,"column":15},"end":{"line":1,"column":42}},"1":{"start":{"line":2,"column":30},"end":{"line":2,"column":55}},"2":{"start":{"line":3,"column":23},"end":{"line":3,"column":63}},"3":{"start":{"line":5,"column":0},"end":{"line":5,"column":64}},"4":{"start":{"line":6,"column":0},"end":{"line":6,"column":67}},"5":{"start":{"line":8,"column":0},"end":{"line":8,"column":23}}},"fnMap":{},"branchMap":{},"s":{"0":7,"1":7,"2":7,"3":7,"4":7,"5":7},"f":{},"b":{},"_coverageSchema":"1a1c01bbd47fc00a2c39e90264f33305004495a9","hash":"6c882f1a1bb8035c8212d2adea117b732b633f6c"}
,"/home/dk/hacktiv8/FINAL-PROJECT-JS-PRO/Server/routes/codeRouter.js": {"path":"/home/dk/hacktiv8/FINAL-PROJECT-JS-PRO/Server/routes/codeRouter.js","statementMap":{"0":{"start":{"line":1,"column":15},"end":{"line":1,"column":42}},"1":{"start":{"line":2,"column":27},"end":{"line":2,"column":52}},"2":{"start":{"line":4,"column":0},"end":{"line":4,"column":56}},"3":{"start":{"line":5,"column":0},"end":{"line":5,"column":52}},"4":{"start":{"line":7,"column":0},"end":{"line":7,"column":23}}},"fnMap":{},"branchMap":{},"s":{"0":7,"1":7,"2":7,"3":7,"4":7},"f":{},"b":{},"_coverageSchema":"1a1c01bbd47fc00a2c39e90264f33305004495a9","hash":"0ada2576ee5732771b50041aac5037a9dec20b85"}
,"/home/dk/hacktiv8/FINAL-PROJECT-JS-PRO/Server/routes/examRouter.js": {"path":"/home/dk/hacktiv8/FINAL-PROJECT-JS-PRO/Server/routes/examRouter.js","statementMap":{"0":{"start":{"line":1,"column":15},"end":{"line":1,"column":42}},"1":{"start":{"line":2,"column":27},"end":{"line":2,"column":52}},"2":{"start":{"line":3,"column":23},"end":{"line":3,"column":63}},"3":{"start":{"line":5,"column":0},"end":{"line":5,"column":42}},"4":{"start":{"line":6,"column":0},"end":{"line":6,"column":45}},"5":{"start":{"line":8,"column":0},"end":{"line":8,"column":23}}},"fnMap":{},"branchMap":{},"s":{"0":7,"1":7,"2":7,"3":7,"4":7,"5":7},"f":{},"b":{},"_coverageSchema":"1a1c01bbd47fc00a2c39e90264f33305004495a9","hash":"f7ca3e1c36cc05a9029720a5292ab491dd7636da"}
,"/home/dk/hacktiv8/FINAL-PROJECT-JS-PRO/Server/routes/index.js": {"path":"/home/dk/hacktiv8/FINAL-PROJECT-JS-PRO/Server/routes/index.js","statementMap":{"0":{"start":{"line":1,"column":15},"end":{"line":1,"column":42}},"1":{"start":{"line":2,"column":19},"end":{"line":2,"column":42}},"2":{"start":{"line":3,"column":19},"end":{"line":3,"column":42}},"3":{"start":{"line":4,"column":22},"end":{"line":4,"column":48}},"4":{"start":{"line":5,"column":22},"end":{"line":5,"column":48}},"5":{"start":{"line":6,"column":20},"end":{"line":6,"column":44}},"6":{"start":{"line":7,"column":19},"end":{"line":7,"column":42}},"7":{"start":{"line":9,"column":0},"end":{"line":9,"column":32}},"8":{"start":{"line":10,"column":0},"end":{"line":10,"column":32}},"9":{"start":{"line":11,"column":0},"end":{"line":11,"column":38}},"10":{"start":{"line":12,"column":0},"end":{"line":12,"column":38}},"11":{"start":{"line":13,"column":0},"end":{"line":13,"column":34}},"12":{"start":{"line":14,"column":0},"end":{"line":14,"column":34}},"13":{"start":{"line":16,"column":0},"end":{"line":16,"column":23}}},"fnMap":{},"branchMap":{},"s":{"0":7,"1":7,"2":7,"3":7,"4":7,"5":7,"6":7,"7":7,"8":7,"9":7,"10":7,"11":7,"12":7,"13":7},"f":{},"b":{},"_coverageSchema":"1a1c01bbd47fc00a2c39e90264f33305004495a9","hash":"ef7cd790f66158e293232c32c49f4a983e334f7d"}
,"/home/dk/hacktiv8/FINAL-PROJECT-JS-PRO/Server/routes/levelRouter.js": {"path":"/home/dk/hacktiv8/FINAL-PROJECT-JS-PRO/Server/routes/levelRouter.js","statementMap":{"0":{"start":{"line":1,"column":15},"end":{"line":1,"column":42}},"1":{"start":{"line":2,"column":28},"end":{"line":2,"column":53}},"2":{"start":{"line":4,"column":0},"end":{"line":4,"column":44}},"3":{"start":{"line":5,"column":0},"end":{"line":5,"column":23}}},"fnMap":{},"branchMap":{},"s":{"0":7,"1":7,"2":7,"3":7},"f":{},"b":{},"_coverageSchema":"1a1c01bbd47fc00a2c39e90264f33305004495a9","hash":"e5d0b9df9ab5fd9e4c68a71d5c28465ad7c8a4f9"}
,"/home/dk/hacktiv8/FINAL-PROJECT-JS-PRO/Server/routes/subjectRouter.js": {"path":"/home/dk/hacktiv8/FINAL-PROJECT-JS-PRO/Server/routes/subjectRouter.js","statementMap":{"0":{"start":{"line":1,"column":15},"end":{"line":1,"column":42}},"1":{"start":{"line":2,"column":30},"end":{"line":2,"column":55}},"2":{"start":{"line":3,"column":23},"end":{"line":3,"column":63}},"3":{"start":{"line":5,"column":0},"end":{"line":5,"column":64}},"4":{"start":{"line":7,"column":0},"end":{"line":7,"column":23}}},"fnMap":{},"branchMap":{},"s":{"0":7,"1":7,"2":7,"3":7,"4":7},"f":{},"b":{},"_coverageSchema":"1a1c01bbd47fc00a2c39e90264f33305004495a9","hash":"1ba7f95199fec92722a0fea608593caa8a2d7f44"}
,"/home/dk/hacktiv8/FINAL-PROJECT-JS-PRO/Server/routes/userRouter.js": {"path":"/home/dk/hacktiv8/FINAL-PROJECT-JS-PRO/Server/routes/userRouter.js","statementMap":{"0":{"start":{"line":1,"column":15},"end":{"line":1,"column":42}},"1":{"start":{"line":2,"column":87},"end":{"line":2,"column":112}},"2":{"start":{"line":3,"column":23},"end":{"line":3,"column":63}},"3":{"start":{"line":5,"column":0},"end":{"line":5,"column":43}},"4":{"start":{"line":6,"column":0},"end":{"line":6,"column":49}},"5":{"start":{"line":7,"column":0},"end":{"line":7,"column":62}},"6":{"start":{"line":8,"column":0},"end":{"line":8,"column":54}},"7":{"start":{"line":9,"column":0},"end":{"line":9,"column":69}},"8":{"start":{"line":10,"column":0},"end":{"line":10,"column":71}},"9":{"start":{"line":11,"column":0},"end":{"line":11,"column":59}},"10":{"start":{"line":12,"column":0},"end":{"line":12,"column":86}},"11":{"start":{"line":13,"column":0},"end":{"line":13,"column":92}},"12":{"start":{"line":16,"column":0},"end":{"line":16,"column":23}}},"fnMap":{},"branchMap":{},"s":{"0":7,"1":7,"2":7,"3":7,"4":7,"5":7,"6":7,"7":7,"8":7,"9":7,"10":7,"11":7,"12":7},"f":{},"b":{},"_coverageSchema":"1a1c01bbd47fc00a2c39e90264f33305004495a9","hash":"03fe3004d169ed2e40d46890d406139fb6d35822"}
}
