TN:
SF:app.js
FNF:0
FNH:0
DA:1,7
DA:2,7
DA:5,7
DA:6,7
DA:7,7
DA:8,7
DA:9,7
DA:10,7
DA:12,7
DA:13,7
DA:14,7
DA:15,7
DA:16,7
DA:20,7
LF:14
LH:14
BRDA:1,0,0,7
BRDA:1,0,1,0
BRDA:1,1,0,7
BRDA:1,1,1,7
BRDA:7,2,0,7
BRDA:7,2,1,0
BRF:6
BRH:4
end_of_record
TN:
SF:controllers/chapterController.js
FN:4,(anonymous_0)
FN:6,(anonymous_1)
FN:14,(anonymous_2)
FN:17,(anonymous_3)
FNF:4
FNH:4
FNDA:1,(anonymous_0)
FNDA:1,(anonymous_1)
FNDA:1,(anonymous_2)
FNDA:1,(anonymous_3)
DA:1,7
DA:3,7
DA:5,1
DA:7,1
DA:15,1
DA:16,1
DA:18,1
LF:7
LH:7
BRF:0
BRH:0
end_of_record
TN:
SF:controllers/codeController.js
FN:5,(anonymous_0)
FN:13,(anonymous_1)
FN:20,(anonymous_2)
FNF:3
FNH:3
FNDA:1,(anonymous_0)
FNDA:3,(anonymous_1)
FNDA:2,(anonymous_2)
DA:1,7
DA:2,7
DA:4,7
DA:6,1
DA:7,1
DA:8,1
DA:14,3
DA:15,3
DA:16,3
DA:17,3
DA:18,3
DA:19,2
DA:21,2
DA:22,2
DA:23,2
DA:24,2
DA:25,2
DA:26,1
DA:30,1
DA:35,1
LF:20
LH:20
BRDA:18,0,0,2
BRDA:18,0,1,1
BRDA:25,1,0,1
BRDA:25,1,1,1
BRF:4
BRH:4
end_of_record
TN:
SF:controllers/examController.js
FN:4,(anonymous_0)
FN:6,(anonymous_1)
FN:14,(anonymous_2)
FN:17,(anonymous_3)
FNF:4
FNH:4
FNDA:1,(anonymous_0)
FNDA:1,(anonymous_1)
FNDA:1,(anonymous_2)
FNDA:1,(anonymous_3)
DA:1,7
DA:3,7
DA:5,1
DA:7,1
DA:15,1
DA:16,1
DA:18,1
LF:7
LH:7
BRF:0
BRH:0
end_of_record
TN:
SF:controllers/githubController.js
FN:4,(anonymous_0)
FN:25,(anonymous_1)
FNF:2
FNH:0
FNDA:0,(anonymous_0)
FNDA:0,(anonymous_1)
DA:1,7
DA:5,0
DA:6,0
DA:7,0
DA:8,0
DA:17,0
DA:18,0
DA:21,0
DA:27,0
DA:28,0
DA:29,0
DA:36,0
DA:39,0
DA:44,7
LF:14
LH:2
BRF:0
BRH:0
end_of_record
TN:
SF:controllers/googleController.js
FN:7,(anonymous_0)
FN:14,(anonymous_1)
FN:23,(anonymous_2)
FN:33,(anonymous_3)
FNF:4
FNH:0
FNDA:0,(anonymous_0)
FNDA:0,(anonymous_1)
FNDA:0,(anonymous_2)
FNDA:0,(anonymous_3)
DA:1,7
DA:2,7
DA:3,7
DA:4,7
DA:10,0
DA:15,0
DA:16,0
DA:17,0
DA:24,0
DA:25,0
DA:28,0
DA:30,0
DA:34,0
DA:35,0
DA:43,7
LF:15
LH:5
BRDA:24,0,0,0
BRDA:24,0,1,0
BRF:2
BRH:0
end_of_record
TN:
SF:controllers/historyController.js
FN:4,(anonymous_0)
FN:12,(anonymous_1)
FN:18,(anonymous_2)
FN:24,(anonymous_3)
FNF:4
FNH:4
FNDA:1,(anonymous_0)
FNDA:1,(anonymous_1)
FNDA:2,(anonymous_2)
FNDA:2,(anonymous_3)
DA:1,7
DA:3,7
DA:5,1
DA:6,1
DA:7,1
DA:13,1
DA:19,2
DA:20,2
DA:21,2
DA:25,2
DA:26,1
DA:30,1
LF:12
LH:12
BRDA:25,0,0,1
BRDA:25,0,1,1
BRF:2
BRH:2
end_of_record
TN:
SF:controllers/index.js
FNF:0
FNH:0
DA:1,7
DA:2,7
DA:3,7
DA:4,7
DA:5,7
DA:6,7
DA:7,7
DA:8,7
DA:9,7
DA:10,7
DA:12,7
LF:11
LH:11
BRF:0
BRH:0
end_of_record
TN:
SF:controllers/levelController.js
FN:4,(anonymous_0)
FN:6,(anonymous_1)
FNF:2
FNH:2
FNDA:1,(anonymous_0)
FNDA:1,(anonymous_1)
DA:1,7
DA:3,7
DA:5,1
DA:7,1
LF:4
LH:4
BRF:0
BRH:0
end_of_record
TN:
SF:controllers/subjectController.js
FN:4,(anonymous_0)
FN:6,(anonymous_1)
FNF:2
FNH:2
FNDA:1,(anonymous_0)
FNDA:1,(anonymous_1)
DA:1,7
DA:3,7
DA:5,1
DA:7,1
LF:4
LH:4
BRF:0
BRH:0
end_of_record
TN:
SF:controllers/userController.js
FN:6,(anonymous_0)
FN:11,(anonymous_1)
FN:26,(anonymous_2)
FN:34,(anonymous_3)
FN:81,(anonymous_4)
FN:90,(anonymous_5)
FN:96,(anonymous_6)
FN:104,(anonymous_7)
FNF:8
FNH:8
FNDA:10,(anonymous_0)
FNDA:1,(anonymous_1)
FNDA:5,(anonymous_2)
FNDA:5,(anonymous_3)
FNDA:1,(anonymous_4)
FNDA:1,(anonymous_5)
FNDA:1,(anonymous_6)
FNDA:1,(anonymous_7)
DA:1,7
DA:2,7
DA:3,7
DA:7,10
DA:8,10
DA:12,1
DA:16,1
DA:28,5
DA:29,5
DA:33,5
DA:35,5
DA:36,1
DA:41,4
DA:42,2
DA:43,2
DA:44,1
DA:48,1
DA:53,1
DA:58,2
DA:59,2
DA:60,2
DA:61,1
DA:65,1
DA:70,1
DA:82,1
DA:83,1
DA:91,1
DA:97,1
DA:98,1
DA:99,1
DA:105,1
DA:111,7
LF:32
LH:32
BRDA:35,0,0,1
BRDA:35,0,1,4
BRDA:35,1,0,5
BRDA:35,1,1,3
BRDA:41,2,0,2
BRDA:41,2,1,2
BRDA:43,3,0,1
BRDA:43,3,1,1
BRDA:58,4,0,2
BRDA:58,4,1,0
BRDA:60,5,0,1
BRDA:60,5,1,1
BRF:12
BRH:11
end_of_record
TN:
SF:controllers/userSubjectController.js
FN:4,(anonymous_0)
FN:20,(anonymous_1)
FN:28,(anonymous_2)
FN:35,(anonymous_3)
FNF:4
FNH:4
FNDA:1,(anonymous_0)
FNDA:1,(anonymous_1)
FNDA:2,(anonymous_2)
FNDA:2,(anonymous_3)
DA:1,7
DA:3,7
DA:5,1
DA:6,1
DA:21,1
DA:29,2
DA:30,2
DA:31,2
DA:32,2
DA:36,2
DA:37,1
DA:41,1
LF:12
LH:12
BRDA:36,0,0,1
BRDA:36,0,1,1
BRF:2
BRH:2
end_of_record
TN:
SF:helpers/executeCode.js
FN:3,(anonymous_0)
FNF:1
FNH:1
FNDA:4,(anonymous_0)
DA:1,7
DA:3,7
DA:4,4
DA:8,4
DA:9,4
DA:10,3
DA:12,1
DA:13,1
DA:15,4
LF:9
LH:9
BRF:0
BRH:0
end_of_record
TN:
SF:helpers/hash.js
FN:4,(anonymous_0)
FN:9,(anonymous_1)
FNF:2
FNH:2
FNDA:12,(anonymous_0)
FNDA:4,(anonymous_1)
DA:1,7
DA:3,7
DA:5,12
DA:6,12
DA:10,4
LF:5
LH:5
BRF:0
BRH:0
end_of_record
TN:
SF:helpers/jwt.js
FN:5,(anonymous_0)
FN:9,(anonymous_1)
FNF:2
FNH:2
FNDA:12,(anonymous_0)
FNDA:13,(anonymous_1)
DA:1,7
DA:2,7
DA:4,7
DA:6,12
DA:10,13
LF:5
LH:5
BRF:0
BRH:0
end_of_record
TN:
SF:middlewares/authentication.js
FN:4,(anonymous_0)
FN:11,(anonymous_1)
FNF:2
FNH:2
FNDA:14,(anonymous_0)
FNDA:12,(anonymous_1)
DA:1,7
DA:2,7
DA:4,7
DA:5,14
DA:6,14
DA:7,13
DA:8,13
DA:9,12
DA:10,12
DA:12,12
DA:13,11
DA:14,11
DA:15,11
DA:17,1
DA:21,0
DA:25,1
DA:28,1
LF:17
LH:16
BRDA:6,0,0,13
BRDA:6,0,1,1
BRDA:9,1,0,12
BRDA:9,1,1,0
BRDA:12,2,0,11
BRDA:12,2,1,1
BRF:6
BRH:5
end_of_record
TN:
SF:middlewares/errorHandler.js
FN:1,(anonymous_0)
FN:31,(anonymous_1)
FNF:2
FNH:2
FNDA:19,(anonymous_0)
FNDA:7,(anonymous_1)
DA:1,7
DA:3,19
DA:4,1
DA:5,1
DA:6,18
DA:7,1
DA:8,1
DA:9,17
DA:10,1
DA:11,1
DA:12,16
DA:13,1
DA:14,1
DA:15,15
DA:16,2
DA:19,13
DA:20,1
DA:21,1
DA:22,12
DA:23,1
DA:24,1
DA:27,19
DA:28,7
DA:31,7
DA:32,7
DA:34,7
DA:37,12
DA:38,1
DA:42,11
LF:29
LH:29
BRDA:3,0,0,1
BRDA:3,0,1,18
BRDA:6,1,0,1
BRDA:6,1,1,17
BRDA:9,2,0,1
BRDA:9,2,1,16
BRDA:12,3,0,1
BRDA:12,3,1,15
BRDA:15,4,0,2
BRDA:15,4,1,13
BRDA:19,5,0,1
BRDA:19,5,1,12
BRDA:22,6,0,1
BRDA:22,6,1,11
BRDA:27,7,0,7
BRDA:27,7,1,12
BRDA:37,8,0,1
BRDA:37,8,1,11
BRDA:42,9,0,11
BRDA:42,9,1,2
BRDA:43,10,0,11
BRDA:43,10,1,2
BRF:22
BRH:22
end_of_record
TN:
SF:models/chapter.js
FN:2,(anonymous_0)
FN:4,(anonymous_1)
FNF:2
FNH:2
FNDA:7,(anonymous_0)
FNDA:7,(anonymous_1)
DA:2,7
DA:6,7
DA:7,7
DA:11,7
DA:16,7
LF:5
LH:5
BRF:0
BRH:0
end_of_record
TN:
SF:models/exam.js
FN:2,(anonymous_0)
FN:4,(anonymous_1)
FNF:2
FNH:2
FNDA:7,(anonymous_0)
FNDA:7,(anonymous_1)
DA:2,7
DA:5,7
DA:9,7
DA:15,7
LF:4
LH:4
BRF:0
BRH:0
end_of_record
TN:
SF:models/history.js
FN:2,(anonymous_0)
FN:4,(anonymous_1)
FNF:2
FNH:2
FNDA:7,(anonymous_0)
FNDA:7,(anonymous_1)
DA:2,7
DA:6,7
DA:7,7
DA:11,7
DA:16,7
LF:5
LH:5
BRF:0
BRH:0
end_of_record
TN:
SF:models/index.js
FN:20,(anonymous_0)
FN:23,(anonymous_1)
FN:28,(anonymous_2)
FNF:3
FNH:3
FNDA:63,(anonymous_0)
FNDA:56,(anonymous_1)
FNDA:56,(anonymous_2)
DA:3,7
DA:4,7
DA:5,7
DA:6,7
DA:7,7
DA:8,7
DA:9,7
DA:12,7
DA:13,0
DA:15,7
DA:18,7
DA:21,63
DA:24,56
DA:25,56
DA:28,7
DA:29,56
DA:30,56
DA:34,7
DA:35,7
DA:37,7
LF:20
LH:19
BRDA:7,0,0,7
BRDA:7,0,1,0
BRDA:12,1,0,0
BRDA:12,1,1,7
BRDA:21,2,0,63
BRDA:21,2,1,63
BRDA:21,2,2,56
BRDA:29,3,0,56
BRDA:29,3,1,0
BRF:9
BRH:6
end_of_record
TN:
SF:models/level.js
FN:2,(anonymous_0)
FN:4,(anonymous_1)
FNF:2
FNH:2
FNDA:7,(anonymous_0)
FNDA:7,(anonymous_1)
DA:2,7
DA:5,7
DA:9,7
DA:12,7
LF:4
LH:4
BRF:0
BRH:0
end_of_record
TN:
SF:models/subject.js
FN:2,(anonymous_0)
FN:4,(anonymous_1)
FNF:2
FNH:2
FNDA:7,(anonymous_0)
FNDA:7,(anonymous_1)
DA:2,7
DA:5,7
DA:6,7
DA:11,7
DA:15,7
LF:5
LH:5
BRF:0
BRH:0
end_of_record
TN:
SF:models/user.js
FN:2,(anonymous_0)
FN:6,(anonymous_1)
FN:67,(anonymous_2)
FN:70,(anonymous_3)
FNF:4
FNH:4
FNDA:7,(anonymous_0)
FNDA:7,(anonymous_1)
FNDA:12,(anonymous_2)
FNDA:10,(anonymous_3)
DA:2,7
DA:3,7
DA:8,7
DA:9,7
DA:12,7
DA:68,12
DA:71,10
DA:72,10
DA:78,10
DA:85,10
DA:86,10
DA:87,90
DA:88,90
DA:93,90
DA:95,10
DA:99,7
LF:16
LH:16
BRDA:87,0,0,10
BRDA:87,0,1,80
BRF:2
BRH:2
end_of_record
TN:
SF:models/useranswer.js
FN:2,(anonymous_0)
FN:4,(anonymous_1)
FNF:2
FNH:2
FNDA:7,(anonymous_0)
FNDA:7,(anonymous_1)
DA:2,7
DA:6,7
DA:11,7
DA:18,7
LF:4
LH:4
BRF:0
BRH:0
end_of_record
TN:
SF:models/usersubject.js
FN:2,(anonymous_0)
FN:4,(anonymous_1)
FNF:2
FNH:2
FNDA:7,(anonymous_0)
FNDA:7,(anonymous_1)
DA:2,7
DA:6,7
DA:7,7
DA:11,7
DA:19,7
LF:5
LH:5
BRF:0
BRH:0
end_of_record
TN:
SF:routes/chapterRouter.js
FNF:0
FNH:0
DA:1,7
DA:2,7
DA:3,7
DA:5,7
DA:6,7
DA:8,7
LF:6
LH:6
BRF:0
BRH:0
end_of_record
TN:
SF:routes/codeRouter.js
FNF:0
FNH:0
DA:1,7
DA:2,7
DA:4,7
DA:5,7
DA:7,7
LF:5
LH:5
BRF:0
BRH:0
end_of_record
TN:
SF:routes/examRouter.js
FNF:0
FNH:0
DA:1,7
DA:2,7
DA:3,7
DA:5,7
DA:6,7
DA:8,7
LF:6
LH:6
BRF:0
BRH:0
end_of_record
TN:
SF:routes/index.js
FNF:0
FNH:0
DA:1,7
DA:2,7
DA:3,7
DA:4,7
DA:5,7
DA:6,7
DA:7,7
DA:9,7
DA:10,7
DA:11,7
DA:12,7
DA:13,7
DA:14,7
DA:16,7
LF:14
LH:14
BRF:0
BRH:0
end_of_record
TN:
SF:routes/levelRouter.js
FNF:0
FNH:0
DA:1,7
DA:2,7
DA:4,7
DA:5,7
LF:4
LH:4
BRF:0
BRH:0
end_of_record
TN:
SF:routes/subjectRouter.js
FNF:0
FNH:0
DA:1,7
DA:2,7
DA:3,7
DA:5,7
DA:7,7
LF:5
LH:5
BRF:0
BRH:0
end_of_record
TN:
SF:routes/userRouter.js
FNF:0
FNH:0
DA:1,7
DA:8,7
DA:9,7
DA:11,7
DA:12,7
DA:13,7
DA:14,7
DA:15,7
DA:16,7
DA:17,7
DA:18,7
DA:19,7
DA:20,7
DA:21,7
DA:24,7
LF:15
LH:15
BRF:0
BRH:0
end_of_record
