TN:
SF:app.js
FNF:0
FNH:0
DA:1,6
DA:2,6
DA:5,6
DA:6,6
DA:7,6
DA:8,6
DA:9,6
DA:10,6
DA:12,6
DA:13,6
DA:14,6
DA:15,6
DA:16,6
DA:20,6
LF:14
LH:14
BRDA:1,0,0,6
BRDA:1,0,1,0
BRDA:1,1,0,6
BRDA:1,1,1,6
BRDA:7,2,0,6
BRDA:7,2,1,0
BRF:6
BRH:4
end_of_record
TN:
SF:controllers/codeController.js
FN:4,(anonymous_0)
FNF:1
FNH:1
FNDA:1,(anonymous_0)
DA:1,6
DA:3,6
DA:5,1
DA:6,1
DA:7,1
LF:5
LH:5
BRF:0
BRH:0
end_of_record
TN:
SF:controllers/examController.js
FN:4,(anonymous_0)
FN:6,(anonymous_1)
FN:14,(anonymous_2)
FN:17,(anonymous_3)
FNF:4
FNH:4
FNDA:1,(anonymous_0)
FNDA:1,(anonymous_1)
FNDA:1,(anonymous_2)
FNDA:1,(anonymous_3)
DA:1,6
DA:3,6
DA:5,1
DA:7,1
DA:15,1
DA:16,1
DA:18,1
LF:7
LH:7
BRF:0
BRH:0
end_of_record
TN:
SF:controllers/googleController.js
FN:7,(anonymous_0)
FN:14,(anonymous_1)
FN:25,(anonymous_2)
FN:36,(anonymous_3)
FNF:4
FNH:0
FNDA:0,(anonymous_0)
FNDA:0,(anonymous_1)
FNDA:0,(anonymous_2)
FNDA:0,(anonymous_3)
DA:1,6
DA:2,6
DA:3,6
DA:4,6
DA:10,0
DA:15,0
DA:16,0
DA:17,0
DA:18,0
DA:19,0
DA:26,0
DA:27,0
DA:28,0
DA:31,0
DA:33,0
DA:38,0
DA:41,0
DA:49,6
LF:18
LH:5
BRDA:27,0,0,0
BRDA:27,0,1,0
BRF:2
BRH:0
end_of_record
TN:
SF:controllers/historyController.js
FN:4,(anonymous_0)
FN:12,(anonymous_1)
FN:18,(anonymous_2)
FN:24,(anonymous_3)
FNF:4
FNH:4
FNDA:1,(anonymous_0)
FNDA:1,(anonymous_1)
FNDA:2,(anonymous_2)
FNDA:2,(anonymous_3)
DA:1,6
DA:3,6
DA:5,1
DA:6,1
DA:7,1
DA:13,1
DA:19,2
DA:20,2
DA:21,2
DA:25,2
DA:26,1
DA:30,1
LF:12
LH:12
BRDA:25,0,0,1
BRDA:25,0,1,1
BRF:2
BRH:2
end_of_record
TN:
SF:controllers/index.js
FNF:0
FNH:0
DA:1,6
DA:2,6
DA:3,6
DA:4,6
DA:5,6
DA:6,6
DA:7,6
DA:9,6
LF:8
LH:8
BRF:0
BRH:0
end_of_record
TN:
SF:controllers/levelController.js
FN:4,(anonymous_0)
FN:6,(anonymous_1)
FNF:2
FNH:2
FNDA:1,(anonymous_0)
FNDA:1,(anonymous_1)
DA:1,6
DA:3,6
DA:5,1
DA:7,1
LF:4
LH:4
BRF:0
BRH:0
end_of_record
TN:
SF:controllers/subjectController.js
FN:4,(anonymous_0)
FN:6,(anonymous_1)
FN:14,(anonymous_2)
FN:17,(anonymous_3)
FNF:4
FNH:4
FNDA:1,(anonymous_0)
FNDA:1,(anonymous_1)
FNDA:1,(anonymous_2)
FNDA:1,(anonymous_3)
DA:1,6
DA:3,6
DA:5,1
DA:7,1
DA:15,1
DA:16,1
DA:18,1
LF:7
LH:7
BRF:0
BRH:0
end_of_record
TN:
SF:controllers/userController.js
FN:6,(anonymous_0)
FN:12,(anonymous_1)
FN:22,(anonymous_2)
FN:30,(anonymous_3)
FN:77,(anonymous_4)
FN:86,(anonymous_5)
FNF:6
FNH:4
FNDA:10,(anonymous_0)
FNDA:1,(anonymous_1)
FNDA:5,(anonymous_2)
FNDA:5,(anonymous_3)
FNDA:0,(anonymous_4)
FNDA:0,(anonymous_5)
DA:1,6
DA:2,6
DA:3,6
DA:8,10
DA:9,10
DA:13,1
DA:24,5
DA:25,5
DA:29,5
DA:31,5
DA:32,1
DA:37,4
DA:38,2
DA:39,2
DA:40,1
DA:44,1
DA:49,1
DA:54,2
DA:55,2
DA:56,2
DA:57,1
DA:61,1
DA:66,1
DA:78,0
DA:79,0
DA:87,0
DA:93,6
LF:27
LH:24
BRDA:31,0,0,1
BRDA:31,0,1,4
BRDA:31,1,0,5
BRDA:31,1,1,3
BRDA:37,2,0,2
BRDA:37,2,1,2
BRDA:39,3,0,1
BRDA:39,3,1,1
BRDA:54,4,0,2
BRDA:54,4,1,0
BRDA:56,5,0,1
BRDA:56,5,1,1
BRF:12
BRH:11
end_of_record
TN:
SF:dataForSeeder/subject.js
FNF:0
FNH:0
DA:1,1
LF:1
LH:1
BRF:0
BRH:0
end_of_record
TN:
SF:helpers/executeCode.js
FN:3,(anonymous_0)
FNF:1
FNH:1
FNDA:1,(anonymous_0)
DA:1,6
DA:3,6
DA:4,1
DA:8,1
DA:9,1
DA:11,0
DA:12,0
DA:14,1
LF:8
LH:6
BRF:0
BRH:0
end_of_record
TN:
SF:helpers/hash.js
FN:4,(anonymous_0)
FN:9,(anonymous_1)
FNF:2
FNH:2
FNDA:24,(anonymous_0)
FNDA:4,(anonymous_1)
DA:1,6
DA:3,6
DA:5,24
DA:6,24
DA:10,4
LF:5
LH:5
BRF:0
BRH:0
end_of_record
TN:
SF:helpers/jwt.js
FN:4,(anonymous_0)
FN:8,(anonymous_1)
FNF:2
FNH:2
FNDA:10,(anonymous_0)
FNDA:7,(anonymous_1)
DA:1,6
DA:3,6
DA:5,10
DA:9,7
LF:4
LH:4
BRF:0
BRH:0
end_of_record
TN:
SF:middlewares/authentication.js
FN:4,(anonymous_0)
FN:11,(anonymous_1)
FNF:2
FNH:2
FNDA:8,(anonymous_0)
FNDA:6,(anonymous_1)
DA:1,6
DA:2,6
DA:4,6
DA:5,8
DA:6,8
DA:7,7
DA:8,7
DA:9,6
DA:10,6
DA:12,6
DA:13,5
DA:14,5
DA:15,5
DA:17,1
DA:21,0
DA:25,1
DA:28,1
LF:17
LH:16
BRDA:6,0,0,7
BRDA:6,0,1,1
BRDA:9,1,0,6
BRDA:9,1,1,0
BRDA:12,2,0,5
BRDA:12,2,1,1
BRF:6
BRH:5
end_of_record
TN:
SF:middlewares/errorHandler.js
FN:1,(anonymous_0)
FN:15,(anonymous_1)
FNF:2
FNH:2
FNDA:16,(anonymous_0)
FNDA:15,(anonymous_1)
DA:1,6
DA:2,16
DA:3,16
DA:4,1
DA:5,1
DA:6,15
DA:7,1
DA:8,1
DA:11,16
DA:12,9
DA:15,9
DA:16,15
DA:18,9
DA:21,7
DA:22,1
DA:26,6
LF:16
LH:16
BRDA:3,0,0,1
BRDA:3,0,1,15
BRDA:6,1,0,1
BRDA:6,1,1,14
BRDA:11,2,0,9
BRDA:11,2,1,7
BRDA:21,3,0,1
BRDA:21,3,1,6
BRDA:26,4,0,6
BRDA:26,4,1,1
BRDA:27,5,0,6
BRDA:27,5,1,0
BRF:12
BRH:11
end_of_record
TN:
SF:models/chapter.js
FN:2,(anonymous_0)
FN:4,(anonymous_1)
FNF:2
FNH:2
FNDA:6,(anonymous_0)
FNDA:6,(anonymous_1)
DA:2,6
DA:6,6
DA:7,6
DA:11,6
DA:16,6
LF:5
LH:5
BRF:0
BRH:0
end_of_record
TN:
SF:models/exam.js
FN:2,(anonymous_0)
FN:4,(anonymous_1)
FNF:2
FNH:2
FNDA:6,(anonymous_0)
FNDA:6,(anonymous_1)
DA:2,6
DA:5,6
DA:9,6
DA:15,6
LF:4
LH:4
BRF:0
BRH:0
end_of_record
TN:
SF:models/history.js
FN:2,(anonymous_0)
FN:4,(anonymous_1)
FNF:2
FNH:2
FNDA:6,(anonymous_0)
FNDA:6,(anonymous_1)
DA:2,6
DA:6,6
DA:7,6
DA:11,6
DA:16,6
LF:5
LH:5
BRF:0
BRH:0
end_of_record
TN:
SF:models/index.js
FN:20,(anonymous_0)
FN:23,(anonymous_1)
FN:28,(anonymous_2)
FNF:3
FNH:3
FNDA:48,(anonymous_0)
FNDA:42,(anonymous_1)
FNDA:42,(anonymous_2)
DA:3,6
DA:4,6
DA:5,6
DA:6,6
DA:7,6
DA:8,6
DA:9,6
DA:12,6
DA:13,0
DA:15,6
DA:18,6
DA:21,48
DA:24,42
DA:25,42
DA:28,6
DA:29,42
DA:30,42
DA:34,6
DA:35,6
DA:37,6
LF:20
LH:19
BRDA:7,0,0,6
BRDA:7,0,1,0
BRDA:12,1,0,0
BRDA:12,1,1,6
BRDA:21,2,0,48
BRDA:21,2,1,48
BRDA:21,2,2,42
BRDA:29,3,0,42
BRDA:29,3,1,0
BRF:9
BRH:6
end_of_record
TN:
SF:models/level.js
FN:2,(anonymous_0)
FN:4,(anonymous_1)
FNF:2
FNH:2
FNDA:6,(anonymous_0)
FNDA:6,(anonymous_1)
DA:2,6
DA:5,6
DA:9,6
DA:12,6
LF:4
LH:4
BRF:0
BRH:0
end_of_record
TN:
SF:models/subject.js
FN:2,(anonymous_0)
FN:4,(anonymous_1)
FNF:2
FNH:2
FNDA:6,(anonymous_0)
FNDA:6,(anonymous_1)
DA:2,6
DA:5,6
DA:6,6
DA:11,6
DA:15,6
LF:5
LH:5
BRF:0
BRH:0
end_of_record
TN:
SF:models/user.js
FN:2,(anonymous_0)
FN:6,(anonymous_1)
FN:25,(anonymous_2)
FN:27,(anonymous_3)
FN:49,(anonymous_4)
FN:51,(anonymous_5)
FN:74,(anonymous_6)
FN:77,(anonymous_7)
FNF:8
FNH:8
FNDA:6,(anonymous_0)
FNDA:6,(anonymous_1)
FNDA:32,(anonymous_2)
FNDA:32,(anonymous_3)
FNDA:32,(anonymous_4)
FNDA:32,(anonymous_5)
FNDA:24,(anonymous_6)
FNDA:24,(anonymous_7)
DA:2,6
DA:3,6
DA:8,6
DA:9,6
DA:12,6
DA:26,32
DA:28,32
DA:50,32
DA:52,32
DA:75,24
DA:78,24
DA:79,24
DA:87,6
LF:13
LH:13
BRDA:28,0,0,7
BRDA:28,0,1,25
BRDA:52,1,0,1
BRDA:52,1,1,31
BRF:4
BRH:4
end_of_record
TN:
SF:models/useranswer.js
FN:2,(anonymous_0)
FN:4,(anonymous_1)
FNF:2
FNH:2
FNDA:6,(anonymous_0)
FNDA:6,(anonymous_1)
DA:2,6
DA:6,6
DA:11,6
DA:18,6
LF:4
LH:4
BRF:0
BRH:0
end_of_record
TN:
SF:routes/codeRouter.js
FNF:0
FNH:0
DA:1,6
DA:2,6
DA:4,6
DA:6,6
LF:4
LH:4
BRF:0
BRH:0
end_of_record
TN:
SF:routes/examRouter.js
FNF:0
FNH:0
DA:1,6
DA:2,6
DA:3,6
DA:5,6
DA:6,6
DA:8,6
LF:6
LH:6
BRF:0
BRH:0
end_of_record
TN:
SF:routes/index.js
FNF:0
FNH:0
DA:1,6
DA:2,6
DA:3,6
DA:4,6
DA:5,6
DA:6,6
DA:8,6
DA:9,6
DA:10,6
DA:11,6
DA:12,6
DA:14,6
LF:12
LH:12
BRF:0
BRH:0
end_of_record
TN:
SF:routes/levelRouter.js
FNF:0
FNH:0
DA:1,6
DA:2,6
DA:4,6
DA:5,6
LF:4
LH:4
BRF:0
BRH:0
end_of_record
TN:
SF:routes/subjectRouter.js
FNF:0
FNH:0
DA:1,6
DA:2,6
DA:3,6
DA:5,6
DA:6,6
DA:8,6
LF:6
LH:6
BRF:0
BRH:0
end_of_record
TN:
SF:routes/userRouter.js
FNF:0
FNH:0
DA:1,6
DA:2,6
DA:3,6
DA:5,6
DA:6,6
DA:7,6
DA:8,6
DA:9,6
DA:10,6
DA:12,6
LF:10
LH:10
BRF:0
BRH:0
end_of_record
